  0  299600     400      00  300000
  1  299492     450      58  300000
  2  299370     503     127  300000
  3  299235     562     203  300000
  4  299086     625     289  300000
  5  298919     700     381  300000
  6  298735     777     488  300000
  7  298533     860     607  300000
  8  298313     952     735  300000
  9  298071    1050     879  300000
 10  297803    1159    1038  300000
 11  297512    1279    1209  300000
 12  297195    1406    1399  300000
 13  296852    1541    1607  300000
 14  296480    1684    1836  300000
 15  296079    1833    2088  300000
 16  295651    1990    2359  300000
 17  295192    2155    2653  300000
 18  294704    2324    2972  300000
 19  294182    2504    3314  300000
 20  293634    2681    3685  300000
 21  293057    2862    4081  300000
 22  292451    3046    4503  300000
 23  291820    3230    4950  300000
 24  291156    3419    5425  300000
 25  290470    3600    5930  300000
 26  289760    3778    6462  300000
 27  289030    3952    7018  300000
 28  288280    4123    7597  300000
 29  287511    4282    8207  300000
 30  286726    4435    8839  300000
 31  285924    4582    9494  300000
 32  285110    4722   10168  300000
 33  284277    4861   10862  300000
 34  283434    4988   11578  300000
 35  282583    5103   12314  300000
 36  281721    5211   13068  300000
 37  280853    5311   13836  300000
 38  279977    5407   14616  300000
 39  279095    5493   15412  300000
 40  278206    5574   16220  300000
 41  277309    5651   17040  300000
 42  276412    5720   17868  300000
 43  275512    5778   18710  300000
 44  274607    5834   19559  300000
 45  273702    5882   20416  300000
 46  272788    5929   21283  300000
 47  271873    5970   22157  300000
 48  270957    6008   23035  300000
 49  270038    6041   23921  300000
 50  269120    6068   24812  300000
 51  268200    6096   25704  300000
 52  267277    6122   26601  300000
 53  266353    6144   27503  300000
 54  265427    6166   28407  300000
 55  264506    6175   29319  300000
 56  263581    6189   30230  300000
 57  262655    6203   31142  300000
 58  261731    6214   32055  300000
 59  260804    6227   32969  300000
 60  259881    6229   33890  300000
 61  258954    6235   34811  300000
 62  258030    6239   35731  300000
 63  257106    6245   36649  300000
 64  256178    6252   37570  300000
 65  255252    6255   38493  300000
 66  254327    6260   39413  300000
 67  253402    6261   40337  300000
 68  252475    6265   41260  300000
 69  251552    6263   42185  300000
 70  250625    6263   43112  300000
 71  249700    6264   44036  300000
 72  248776    6264   44960  300000
 73  247854    6260   45886  300000
 74  246932    6256   46812  300000
 75  246008    6255   47737  300000
 76  245086    6250   48664  300000
 77  244162    6249   49589  300000
 78  243244    6246   50510  300000
 79  242324    6243   51433  300000
 80  241402    6238   52360  300000
 81  240480    6232   53288  300000
 82  239558    6230   54212  300000
 83  238642    6226   55132  300000
 84  237724    6222   56054  300000
 85  236804    6222   56974  300000
 86  235884    6216   57900  300000
 87  234962    6218   58820  300000
 88  234046    6220   59734  300000
 89  233128    6216   60656  300000
 90  232208    6216   61576  300000
 91  231288    6212   62500  300000
 92  230366    6214   63420  300000
 93  229450    6216   64334  300000
 94  228532    6212   65256  300000
 95  227612    6212   66176  300000
 96  226692    6210   67098  300000
 97  225770    6212   68018  300000
 98  224854    6214   68932  300000
 99  223936    6212   69852  300000
100  223016    6212   70772  300000
101  222096    6210   71694  300000
102  221174    6212   72614  300000
103  220258    6214   73528  300000
104  219340    6212   74448  300000
105  218420    6212   75368  300000
106  217500    6210   76290  300000
107  216578    6212   77210  300000
108  215662    6214   78124  300000
109  214744    6212   79044  300000
110  213824    6212   79964  300000
111  212904    6210   80886  300000
112  211982    6212   81806  300000
113  211066    6214   82720  300000
114  210148    6212   83640  300000
115  209228    6212   84560  300000
116  208308    6210   85482  300000
117  207386    6212   86402  300000
118  206470    6214   87316  300000
119  205552    6212   88236  300000
120  204632    6212   89156  300000
121  203712    6210   90078  300000
122  202790    6212   90998  300000
123  201874    6214   91912  300000
124  200956    6212   92832  300000
125  200036    6212   93752  300000
126  199116    6210   94674  300000
127  198194    6212   95594  300000
128  197278    6214   96508  300000
129  196360    6212   97428  300000
130  195440    6212   98348  300000
131  194520    6210   99270  300000
132  193598    6212  100190  300000
133  192682    6214  101104  300000
134  191764    6212  102024  300000
135  190844    6212  102944  300000
136  189924    6210  103866  300000
137  189002    6212  104786  300000
138  188086    6214  105700  300000
139  187168    6212  106620  300000
140  186248    6212  107540  300000
141  185328    6210  108462  300000
142  184406    6212  109382  300000
143  183490    6214  110296  300000
144  182572    6212  111216  300000
145  181652    6212  112136  300000
146  180732    6210  113058  300000
147  179810    6212  113978  300000
148  178894    6214  114892  300000
149  177976    6212  115812  300000
150  177056    6212  116732  300000
151  176136    6210  117654  300000
152  175214    6212  118574  300000
153  174298    6214  119488  300000
154  173380    6212  120408  300000
155  172460    6212  121328  300000
156  171540    6210  122250  300000
157  170618    6212  123170  300000
158  169702    6214  124084  300000
159  168784    6212  125004  300000
160  167864    6212  125924  300000
161  166944    6210  126846  300000
162  166022    6212  127766  300000
163  165106    6214  128680  300000
164  164188    6212  129600  300000
165  163268    6212  130520  300000
166  162348    6210  131442  300000
167  161426    6212  132362  300000
168  160510    6214  133276  300000
169  159592    6212  134196  300000
170  158672    6212  135116  300000
171  157752    6210  136038  300000
172  156830    6212  136958  300000
173  155914    6214  137872  300000
174  154996    6212  138792  300000
175  154076    6212  139712  300000
176  153156    6210  140634  300000
177  152234    6212  141554  300000
178  151318    6214  142468  300000
179  150400    6212  143388  300000
180  149480    6212  144308  300000
181  148560    6210  145230  300000
182  147638    6212  146150  300000
183  146722    6214  147064  300000
184  145804    6212  147984  300000
185  144884    6212  148904  300000
186  143964    6210  149826  300000
187  143042    6212  150746  300000
188  142126    6214  151660  300000
189  141208    6212  152580  300000
190  140288    6212  153500  300000
191  139368    6210  154422  300000
192  138446    6212  155342  300000
193  137530    6214  156256  300000
194  136612    6212  157176  300000
195  135692    6212  158096  300000
196  134772    6210  159018  300000
197  133850    6212  159938  300000
198  132934    6214  160852  300000
199  132016    6212  161772  300000
200  131096    6212  162692  300000
