  0  299600     400      00  300000
  1  299500     442      58  300000
  2  299400     393     207  300000
  3  299300     351     349  300000
  4  299200     315     485  300000
  5  299101     283     616  300000
  6  299098     160     742  300000
  7  299097     135     768  300000
  8  299096     115     789  300000
  9  299096      97     807  300000
 10  299096      82     822  300000
 11  299096      70     834  300000
 12  299096      59     845  300000
 13  299096      50     854  300000
 14  299096      42     862  300000
 15  299096      35     869  300000
 16  299096      29     875  300000
 17  299096      24     880  300000
 18  299096      20     884  300000
 19  299096      17     887  300000
 20  299096      14     890  300000
 21  299096      11     893  300000
 22  299096      09     895  300000
 23  299096      07     897  300000
 24  299096      05     899  300000
 25  299096      04     900  300000
 26  299096      03     901  300000
 27  299096      02     902  300000
 28  299096      01     903  300000
 29  299096      00     904  300000
 30  299096      00     904  300000
 31  299096      00     904  300000
 32  299096      00     904  300000
 33  299096      00     904  300000
 34  299096      00     904  300000
 35  299096      00     904  300000
 36  299096      00     904  300000
 37  299096      00     904  300000
 38  299096      00     904  300000
 39  299096      00     904  300000
 40  299096      00     904  300000
 41  299096      00     904  300000
 42  299096      00     904  300000
 43  299096      00     904  300000
 44  299096      00     904  300000
 45  299096      00     904  300000
 46  299096      00     904  300000
 47  299096      00     904  300000
 48  299096      00     904  300000
 49  299096      00     904  300000
 50  299096      00     904  300000
 51  299096      00     904  300000
 52  299096      00     904  300000
 53  299096      00     904  300000
 54  299096      00     904  300000
 55  299096      00     904  300000
 56  299096      00     904  300000
 57  299096      00     904  300000
 58  299096      00     904  300000
 59  299096      00     904  300000
 60  299096      00     904  300000
 61  299096      00     904  300000
 62  299096      00     904  300000
 63  299096      00     904  300000
 64  299096      00     904  300000
 65  299096      00     904  300000
 66  299096      00     904  300000
 67  299096      00     904  300000
 68  299096      00     904  300000
 69  299096      00     904  300000
 70  299096      00     904  300000
 71  299096      00     904  300000
 72  299096      00     904  300000
 73  299096      00     904  300000
 74  299096      00     904  300000
 75  299096      00     904  300000
 76  299096      00     904  300000
 77  299096      00     904  300000
 78  299096      00     904  300000
 79  299096      00     904  300000
 80  299096      00     904  300000
 81  299096      00     904  300000
 82  299096      00     904  300000
 83  299096      00     904  300000
 84  299096      00     904  300000
 85  299096      00     904  300000
 86  299096      00     904  300000
 87  299096      00     904  300000
 88  299096      00     904  300000
 89  299096      00     904  300000
 90  299096      00     904  300000
 91  299096      00     904  300000
 92  299096      00     904  300000
 93  299096      00     904  300000
 94  299096      00     904  300000
 95  299096      00     904  300000
 96  299096      00     904  300000
 97  299096      00     904  300000
 98  299096      00     904  300000
 99  299096      00     904  300000
100  299096      00     904  300000
101  299096      00     904  300000
102  299096      00     904  300000
103  299096      00     904  300000
104  299096      00     904  300000
105  299096      00     904  300000
106  299096      00     904  300000
107  299096      00     904  300000
108  299096      00     904  300000
109  299096      00     904  300000
110  299096      00     904  300000
111  299096      00     904  300000
112  299096      00     904  300000
113  299096      00     904  300000
114  299096      00     904  300000
115  299096      00     904  300000
116  299096      00     904  300000
117  299096      00     904  300000
118  299096      00     904  300000
119  299096      00     904  300000
120  299096      00     904  300000
121  299096      00     904  300000
122  299096      00     904  300000
123  299096      00     904  300000
124  299096      00     904  300000
125  299096      00     904  300000
126  299096      00     904  300000
127  299096      00     904  300000
128  299096      00     904  300000
129  299096      00     904  300000
130  299096      00     904  300000
131  299096      00     904  300000
132  299096      00     904  300000
133  299096      00     904  300000
134  299096      00     904  300000
135  299096      00     904  300000
136  299096      00     904  300000
137  299096      00     904  300000
138  299096      00     904  300000
139  299096      00     904  300000
140  299096      00     904  300000
141  299096      00     904  300000
142  299096      00     904  300000
143  299096      00     904  300000
144  299096      00     904  300000
145  299096      00     904  300000
146  299096      00     904  300000
147  299096      00     904  300000
148  299096      00     904  300000
149  299096      00     904  300000
150  299096      00     904  300000
151  299096      00     904  300000
152  299096      00     904  300000
153  299096      00     904  300000
154  299096      00     904  300000
155  299096      00     904  300000
156  299096      00     904  300000
157  299096      00     904  300000
158  299096      00     904  300000
159  299096      00     904  300000
160  299096      00     904  300000
161  299096      00     904  300000
162  299096      00     904  300000
163  299096      00     904  300000
164  299096      00     904  300000
165  299096      00     904  300000
166  299096      00     904  300000
167  299096      00     904  300000
168  299096      00     904  300000
169  299096      00     904  300000
170  299096      00     904  300000
171  299096      00     904  300000
172  299096      00     904  300000
173  299096      00     904  300000
174  299096      00     904  300000
175  299096      00     904  300000
176  299096      00     904  300000
177  299096      00     904  300000
178  299096      00     904  300000
179  299096      00     904  300000
180  299096      00     904  300000
181  299096      00     904  300000
182  299096      00     904  300000
183  299096      00     904  300000
184  299096      00     904  300000
185  299096      00     904  300000
186  299096      00     904  300000
187  299096      00     904  300000
188  299096      00     904  300000
189  299096      00     904  300000
190  299096      00     904  300000
191  299096      00     904  300000
192  299096      00     904  300000
193  299096      00     904  300000
194  299096      00     904  300000
195  299096      00     904  300000
196  299096      00     904  300000
197  299096      00     904  300000
198  299096      00     904  300000
199  299096      00     904  300000
200  299096      00     904  300000
