  0  299000    1000      00  300000
  1  298798    1057     145  300000
  2  298495    1136     369  300000
  3  298191    1233     576  300000
  4  297884    1348     768  300000
  5  297581    1372    1047  300000
  6  297274    1411    1315  300000
  7  296970    1455    1575  300000
  8  296570    1603    1827  300000
  9  296165    1764    2071  300000
 10  295762    1829    2409  300000
 11  295261    1997    2742  300000
 12  294761    2168    3071  300000
 13  294262    2342    3396  300000
 14  293658    2526    3816  300000
 15  293055    2711    4234  300000
 16  292353    2997    4650  300000
 17  291552    3284    5164  300000
 18  290652    3672    5676  300000
 19  289653    4061    6286  300000
 20  288555    4550    6895  300000
 21  287358    5040    7602  300000
 22  285962    5630    8408  300000
 23  284466    6222    9312  300000
 24  282772    7012   10216  300000
 25  280978    7705   11317  300000
 26  278886    8597   12517  300000
 27  276595    9588   13817  300000
 28  274105   10679   15216  300000
 29  271316   11871   16813  300000
 30  268229   13162   18609  300000
 31  264843   14554   20603  300000
 32  261158   16046   22796  300000
 33  257174   17638   25188  300000
 34  252787   19434   27779  300000
 35  248101   21230   30669  300000
 36  243017   23224   33759  300000
 37  237634   25218   37148  300000
 38  231858   27306   40836  300000
 39  225784   29393   44823  300000
 40  219411   31481   49108  300000
 41  212739   33570   53691  300000
 42  205863   35564   58573  300000
 43  198789   37457   63754  300000
 44  191615   39152   69233  300000
 45  184441   40647   74912  300000
 46  177267   41844   80889  300000
 47  170193   42840   86967  300000
 48  163219   43537   93244  300000
 49  156443   43937   99620  300000
 50  149867   44136  105997  300000
 51  143591   43936  112473  300000
 52  137613   43537  118850  300000
 53  131934   42840  125226  300000
 54  126653   41844  131503  300000
 55  121671   40748  137581  300000
 56  116989   39452  143559  300000
 57  112705   37958  149337  300000
 58  108719   36365  154916  300000
 59  105032   34771  160197  300000
 60  101644   33078  165278  300000
 61   98555   31285  170160  300000
 62   95768   29489  174743  300000
 63   93180   27793  179027  300000
 64   90791   26098  183111  300000
 65   88697   24406  186897  300000
 66   86803   22714  190483  300000
 67   85009   21121  193870  300000
 68   83414   19627  196959  300000
 69   81919   18233  199848  300000
 70   80622   16840  202538  300000
 71   79425   15546  205029  300000
 72   78330   14349  207321  300000
 73   77334   13252  209414  300000
 74   76438   12155  211407  300000
 75   75641   11158  213201  300000
 76   74944   10161  214895  300000
 77   74248    9362  216390  300000
 78   73651    8564  217785  300000
 79   73153    7767  219080  300000
 80   72656    7069  220275  300000
 81   72258    6372  221370  300000
 82   71860    5774  222366  300000
 83   71562    5176  223262  300000
 84   71264    4677  224059  300000
 85   70966    4278  224756  300000
 86   70767    3780  225453  300000
 87   70568    3382  226050  300000
 88   70369    3083  226548  300000
 89   70269    2685  227046  300000
 90   70170    2386  227444  300000
 91   70071    2087  227842  300000
 92   69972    1788  228240  300000
 93   69873    1589  228538  300000
 94   69873    1291  228836  300000
 95   69873    1092  229035  300000
 96   69873     893  229234  300000
 97   69873     694  229433  300000
 98   69873     495  229632  300000
 99   69873     396  229731  300000
100   69873     297  229830  300000
101   69873     198  229929  300000
102   69873      99  230028  300000
103   69873      00  230127  300000
104   69873      00  230127  300000
105   69873      00  230127  300000
106   69873      00  230127  300000
107   69873      00  230127  300000
108   69873      00  230127  300000
109   69873      00  230127  300000
110   69873      00  230127  300000
111   69873      00  230127  300000
112   69873      00  230127  300000
113   69873      00  230127  300000
114   69873      00  230127  300000
115   69873      00  230127  300000
116   69873      00  230127  300000
117   69873      00  230127  300000
118   69873      00  230127  300000
119   69873      00  230127  300000
120   69873      00  230127  300000
121   69873      00  230127  300000
122   69873      00  230127  300000
123   69873      00  230127  300000
124   69873      00  230127  300000
125   69873      00  230127  300000
126   69873      00  230127  300000
127   69873      00  230127  300000
128   69873      00  230127  300000
129   69873      00  230127  300000
130   69873      00  230127  300000
131   69873      00  230127  300000
132   69873      00  230127  300000
133   69873      00  230127  300000
134   69873      00  230127  300000
135   69873      00  230127  300000
136   69873      00  230127  300000
137   69873      00  230127  300000
138   69873      00  230127  300000
139   69873      00  230127  300000
140   69873      00  230127  300000
141   69873      00  230127  300000
142   69873      00  230127  300000
143   69873      00  230127  300000
144   69873      00  230127  300000
145   69873      00  230127  300000
146   69873      00  230127  300000
147   69873      00  230127  300000
148   69873      00  230127  300000
149   69873      00  230127  300000
150   69873      00  230127  300000
151   69873      00  230127  300000
152   69873      00  230127  300000
153   69873      00  230127  300000
154   69873      00  230127  300000
155   69873      00  230127  300000
156   69873      00  230127  300000
157   69873      00  230127  300000
158   69873      00  230127  300000
159   69873      00  230127  300000
160   69873      00  230127  300000
161   69873      00  230127  300000
162   69873      00  230127  300000
163   69873      00  230127  300000
164   69873      00  230127  300000
165   69873      00  230127  300000
166   69873      00  230127  300000
167   69873      00  230127  300000
168   69873      00  230127  300000
169   69873      00  230127  300000
170   69873      00  230127  300000
171   69873      00  230127  300000
172   69873      00  230127  300000
173   69873      00  230127  300000
174   69873      00  230127  300000
175   69873      00  230127  300000
176   69873      00  230127  300000
177   69873      00  230127  300000
178   69873      00  230127  300000
179   69873      00  230127  300000
180   69873      00  230127  300000
181   69873      00  230127  300000
182   69873      00  230127  300000
183   69873      00  230127  300000
184   69873      00  230127  300000
185   69873      00  230127  300000
186   69873      00  230127  300000
187   69873      00  230127  300000
188   69873      00  230127  300000
189   69873      00  230127  300000
190   69873      00  230127  300000
191   69873      00  230127  300000
192   69873      00  230127  300000
193   69873      00  230127  300000
194   69873      00  230127  300000
195   69873      00  230127  300000
196   69873      00  230127  300000
197   69873      00  230127  300000
198   69873      00  230127  300000
199   69873      00  230127  300000
200   69873      00  230127  300000
