  0  299600     400      00  300000
  1  299490     452      58  300000
  2  299370     503     127  300000
  3  299239     557     204  300000
  4  299093     617     290  300000
  5  298930     683     387  300000
  6  298751     755     494  300000
  7  298557     831     612  300000
  8  298340     922     738  300000
  9  298104    1015     881  300000
 10  297849    1114    1037  300000
 11  297563    1228    1209  300000
 12  297252    1351    1397  300000
 13  296913    1485    1602  300000
 14  296544    1626    1830  300000
 15  296140    1783    2077  300000
 16  295699    1954    2347  300000
 17  295224    2127    2649  300000
 18  294709    2321    2970  300000
 19  294150    2531    3319  300000
 20  293546    2751    3703  300000
 21  292895    2991    4114  300000
 22  292198    3237    4565  300000
 23  291450    3498    5052  300000
 24  290650    3771    5579  300000
 25  289796    4063    6141  300000
 26  288884    4367    6749  300000
 27  287914    4684    7402  300000
 28  286884    5022    8094  300000
 29  285790    5366    8844  300000
 30  284633    5725    9642  300000
 31  283416    6086   10498  300000
 32  282130    6470   11400  300000
 33  280772    6864   12364  300000
 34  279349    7263   13388  300000
 35  277855    7681   14464  300000
 36  276288    8105   15607  300000
 37  274653    8539   16808  300000
 38  272947    8978   18075  300000
 39  271166    9429   19405  300000
 40  269306    9887   20807  300000
 41  267378   10347   22275  300000
 42  265374   10821   23805  300000
 43  263295   11297   25408  300000
 44  261138   11783   27079  300000
 45  258906   12273   28821  300000
 46  256589   12773   30638  300000
 47  254197   13278   32525  300000
 48  251726   13782   34492  300000
 49  249175   14295   36530  300000
 50  246542   14818   38640  300000
 51  243830   15337   40833  300000
 52  241040   15862   43098  300000
 53  238162   16394   45444  300000
 54  235194   16936   47870  300000
 55  232137   17489   50374  300000
 56  229007   18040   52953  300000
 57  225786   18597   55617  300000
 58  222483   19158   58359  300000
 59  219096   19725   61179  300000
 60  215616   20295   64089  300000
 61  212042   20877   67081  300000
 62  208384   21452   70164  300000
 63  204645   22030   73325  300000
 64  200820   22610   76570  300000
 65  196917   23185   79898  300000
 66  192947   23746   83307  300000
 67  188909   24287   86804  300000
 68  184803   24826   90371  300000
 69  180651   25323   94026  300000
 70  176460   25796   97744  300000
 71  172243   26218  101539  300000
 72  168007   26600  105393  300000
 73  163771   26924  109305  300000
 74  159537   27204  113259  300000
 75  155329   27419  117252  300000
 76  151154   27567  121279  300000
 77  147031   27639  125330  300000
 78  142975   27633  129392  300000
 79  138980   27571  133449  300000
 80  135068   27438  137494  300000
 81  131244   27237  141519  300000
 82  127514   26971  145515  300000
 83  123883   26641  149476  300000
 84  120374   26236  153390  300000
 85  116978   25770  157252  300000
 86  113706   25258  161036  300000
 87  110558   24696  164746  300000
 88  107545   24081  168374  300000
 89  104672   23414  171914  300000
 90  101926   22723  175351  300000
 91   99326   21982  178692  300000
 92   96857   21213  181930  300000
 93   94536   20413  185051  300000
 94   92356   19584  188060  300000
 95   90322   18731  190947  300000
 96   88427   17863  193710  300000
 97   86668   16984  196348  300000
 98   85040   16103  198857  300000
 99   83536   15226  201238  300000
100   82165   14337  203498  300000
101   80911   13462  205627  300000
102   79765   12606  207629  300000
103   78728   11767  209505  300000
104   77782   10969  211249  300000
105   76923   10189  212888  300000
106   76150    9440  214410  300000
107   75450    8728  215822  300000
108   74822    8043  217135  300000
109   74257    7402  218341  300000
110   73748    6797  219455  300000
111   73292    6224  220484  300000
112   72886    5683  221431  300000
113   72529    5177  222294  300000
114   72202    4711  223087  300000
115   71911    4275  223814  300000
116   71658    3870  224472  300000
117   71436    3493  225071  300000
118   71236    3150  225614  300000
119   71056    2832  226112  300000
120   70902    2539  226559  300000
121   70773    2264  226963  300000
122   70659    2018  227323  300000
123   70557    1793  227650  300000
124   70475    1578  227947  300000
125   70402    1389  228209  300000
126   70339    1223  228438  300000
127   70289    1067  228644  300000
128   70243     929  228828  300000
129   70206     805  228989  300000
130   70175     699  229126  300000
131   70147     605  229248  300000
132   70128     515  229357  300000
133   70111     438  229451  300000
134   70097     374  229529  300000
135   70088     312  229600  300000
136   70080     260  229660  300000
137   70074     216  229710  300000
138   70070     177  229753  300000
139   70067     143  229790  300000
140   70067     112  229821  300000
141   70067      84  229849  300000
142   70067      65  229868  300000
143   70067      48  229885  300000
144   70067      34  229899  300000
145   70067      25  229908  300000
146   70067      17  229916  300000
147   70067      11  229922  300000
148   70067      07  229926  300000
149   70067      03  229930  300000
150   70067      00  229933  300000
151   70067      00  229933  300000
152   70067      00  229933  300000
153   70067      00  229933  300000
154   70067      00  229933  300000
155   70067      00  229933  300000
156   70067      00  229933  300000
157   70067      00  229933  300000
158   70067      00  229933  300000
159   70067      00  229933  300000
160   70067      00  229933  300000
161   70067      00  229933  300000
162   70067      00  229933  300000
163   70067      00  229933  300000
164   70067      00  229933  300000
165   70067      00  229933  300000
166   70067      00  229933  300000
167   70067      00  229933  300000
168   70067      00  229933  300000
169   70067      00  229933  300000
170   70067      00  229933  300000
171   70067      00  229933  300000
172   70067      00  229933  300000
173   70067      00  229933  300000
174   70067      00  229933  300000
175   70067      00  229933  300000
176   70067      00  229933  300000
177   70067      00  229933  300000
178   70067      00  229933  300000
179   70067      00  229933  300000
180   70067      00  229933  300000
181   70067      00  229933  300000
182   70067      00  229933  300000
183   70067      00  229933  300000
184   70067      00  229933  300000
185   70067      00  229933  300000
186   70067      00  229933  300000
187   70067      00  229933  300000
188   70067      00  229933  300000
189   70067      00  229933  300000
190   70067      00  229933  300000
191   70067      00  229933  300000
192   70067      00  229933  300000
193   70067      00  229933  300000
194   70067      00  229933  300000
195   70067      00  229933  300000
196   70067      00  229933  300000
197   70067      00  229933  300000
198   70067      00  229933  300000
199   70067      00  229933  300000
200   70067      00  229933  300000
