  0  299600     400      00  300000
  1  299500     442      58  300000
  2  299400     393     207  300000
  3  299300     351     349  300000
  4  299200     315     485  300000
  5  299100     284     616  300000
  6  299099     159     742  300000
  7  299099     135     766  300000
  8  299099     115     786  300000
  9  299099      98     803  300000
 10  299099      83     818  300000
 11  299099      70     831  300000
 12  299099      59     842  300000
 13  299099      50     851  300000
 14  299099      42     859  300000
 15  299099      35     866  300000
 16  299099      29     872  300000
 17  299099      24     877  300000
 18  299099      20     881  300000
 19  299099      17     884  300000
 20  299099      14     887  300000
 21  299099      11     890  300000
 22  299099      09     892  300000
 23  299099      07     894  300000
 24  299099      05     896  300000
 25  299099      04     897  300000
 26  299099      03     898  300000
 27  299099      02     899  300000
 28  299099      01     900  300000
 29  299099      00     901  300000
 30  299099      00     901  300000
 31  299099      00     901  300000
 32  299099      00     901  300000
 33  299099      00     901  300000
 34  299099      00     901  300000
 35  299099      00     901  300000
 36  299099      00     901  300000
 37  299099      00     901  300000
 38  299099      00     901  300000
 39  299099      00     901  300000
 40  299099      00     901  300000
 41  299099      00     901  300000
 42  299099      00     901  300000
 43  299099      00     901  300000
 44  299099      00     901  300000
 45  299099      00     901  300000
 46  299099      00     901  300000
 47  299099      00     901  300000
 48  299099      00     901  300000
 49  299099      00     901  300000
 50  299099      00     901  300000
 51  299099      00     901  300000
 52  299099      00     901  300000
 53  299099      00     901  300000
 54  299099      00     901  300000
 55  299099      00     901  300000
 56  299099      00     901  300000
 57  299099      00     901  300000
 58  299099      00     901  300000
 59  299099      00     901  300000
 60  299099      00     901  300000
 61  299099      00     901  300000
 62  299099      00     901  300000
 63  299099      00     901  300000
 64  299099      00     901  300000
 65  299099      00     901  300000
 66  299099      00     901  300000
 67  299099      00     901  300000
 68  299099      00     901  300000
 69  299099      00     901  300000
 70  299099      00     901  300000
 71  299099      00     901  300000
 72  299099      00     901  300000
 73  299099      00     901  300000
 74  299099      00     901  300000
 75  299099      00     901  300000
 76  299099      00     901  300000
 77  299099      00     901  300000
 78  299099      00     901  300000
 79  299099      00     901  300000
 80  299099      00     901  300000
 81  299099      00     901  300000
 82  299099      00     901  300000
 83  299099      00     901  300000
 84  299099      00     901  300000
 85  299099      00     901  300000
 86  299099      00     901  300000
 87  299099      00     901  300000
 88  299099      00     901  300000
 89  299099      00     901  300000
 90  299099      00     901  300000
 91  299099      00     901  300000
 92  299099      00     901  300000
 93  299099      00     901  300000
 94  299099      00     901  300000
 95  299099      00     901  300000
 96  299099      00     901  300000
 97  299099      00     901  300000
 98  299099      00     901  300000
 99  299099      00     901  300000
100  299099      00     901  300000
101  299099      00     901  300000
102  299099      00     901  300000
103  299099      00     901  300000
104  299099      00     901  300000
105  299099      00     901  300000
106  299099      00     901  300000
107  299099      00     901  300000
108  299099      00     901  300000
109  299099      00     901  300000
110  299099      00     901  300000
111  299099      00     901  300000
112  299099      00     901  300000
113  299099      00     901  300000
114  299099      00     901  300000
115  299099      00     901  300000
116  299099      00     901  300000
117  299099      00     901  300000
118  299099      00     901  300000
119  299099      00     901  300000
120  299099      00     901  300000
121  299099      00     901  300000
122  299099      00     901  300000
123  299099      00     901  300000
124  299099      00     901  300000
125  299099      00     901  300000
126  299099      00     901  300000
127  299099      00     901  300000
128  299099      00     901  300000
129  299099      00     901  300000
130  299099      00     901  300000
131  299099      00     901  300000
132  299099      00     901  300000
133  299099      00     901  300000
134  299099      00     901  300000
135  299099      00     901  300000
136  299099      00     901  300000
137  299099      00     901  300000
138  299099      00     901  300000
139  299099      00     901  300000
140  299099      00     901  300000
141  299099      00     901  300000
142  299099      00     901  300000
143  299099      00     901  300000
144  299099      00     901  300000
145  299099      00     901  300000
146  299099      00     901  300000
147  299099      00     901  300000
148  299099      00     901  300000
149  299099      00     901  300000
150  299099      00     901  300000
151  299099      00     901  300000
152  299099      00     901  300000
153  299099      00     901  300000
154  299099      00     901  300000
155  299099      00     901  300000
156  299099      00     901  300000
157  299099      00     901  300000
158  299099      00     901  300000
159  299099      00     901  300000
160  299099      00     901  300000
161  299099      00     901  300000
162  299099      00     901  300000
163  299099      00     901  300000
164  299099      00     901  300000
165  299099      00     901  300000
166  299099      00     901  300000
167  299099      00     901  300000
168  299099      00     901  300000
169  299099      00     901  300000
170  299099      00     901  300000
171  299099      00     901  300000
172  299099      00     901  300000
173  299099      00     901  300000
174  299099      00     901  300000
175  299099      00     901  300000
176  299099      00     901  300000
177  299099      00     901  300000
178  299099      00     901  300000
179  299099      00     901  300000
180  299099      00     901  300000
181  299099      00     901  300000
182  299099      00     901  300000
183  299099      00     901  300000
184  299099      00     901  300000
185  299099      00     901  300000
186  299099      00     901  300000
187  299099      00     901  300000
188  299099      00     901  300000
189  299099      00     901  300000
190  299099      00     901  300000
191  299099      00     901  300000
192  299099      00     901  300000
193  299099      00     901  300000
194  299099      00     901  300000
195  299099      00     901  300000
196  299099      00     901  300000
197  299099      00     901  300000
198  299099      00     901  300000
199  299099      00     901  300000
200  299099      00     901  300000
