  0  299600     400      00  300000
  1  299428     514      58  300000
  2  299211     655     134  300000
  3  298936     830     234  300000
  4  298590    1051     359  300000
  5  298162    1323     515  300000
  6  297631    1657     712  300000
  7  296980    2062     958  300000
  8  296190    2547    1263  300000
  9  295245    3116    1639  300000
 10  294134    3765    2101  300000
 11  292848    4500    2652  300000
 12  291381    5304    3315  300000
 13  289743    6166    4091  300000
 14  287947    7060    4993  300000
 15  286010    7961    6029  300000
 16  283958    8847    7195  300000
 17  281817    9696    8487  300000
 18  279600   10495    9905  300000
 19  277332   11227   11441  300000
 20  275031   11884   13085  300000
 21  272706   12475   14819  300000
 22  270358   13003   16639  300000
 23  268001   13465   18534  300000
 24  265634   13865   20501  300000
 25  263265   14209   22526  300000
 26  260890   14510   24600  300000
 27  258515   14764   26721  300000
 28  256141   14979   28880  300000
 29  253765   15164   31071  300000
 30  251385   15330   33285  300000
 31  249003   15471   35526  300000
 32  246624   15588   37788  300000
 33  244244   15692   40064  300000
 34  241859   15782   42359  300000
 35  239479   15856   44665  300000
 36  237096   15920   46984  300000
 37  234709   15983   49308  300000
 38  232323   16037   51640  300000
 39  229935   16081   53984  300000
 40  227547   16115   56338  300000
 41  225162   16145   58693  300000
 42  222777   16171   61052  300000
 43  220394   16188   63418  300000
 44  218007   16204   65789  300000
 45  215615   16226   68159  300000
 46  213227   16235   70538  300000
 47  210845   16244   72911  300000
 48  208459   16252   75289  300000
 49  206071   16261   77668  300000
 50  203681   16268   80051  300000
 51  201295   16269   82436  300000
 52  198905   16273   84822  300000
 53  196525   16269   87206  300000
 54  194143   16265   89592  300000
 55  191763   16256   91981  300000
 56  189381   16255   94364  300000
 57  186999   16252   96749  300000
 58  184617   16247   99136  300000
 59  182239   16240  101521  300000
 60  179863   16232  103905  300000
 61  177485   16226  106289  300000
 62  175109   16224  108667  300000
 63  172731   16222  111047  300000
 64  170353   16216  113431  300000
 65  167981   16210  115809  300000
 66  165609   16202  118189  300000
 67  163235   16192  120573  300000
 68  160861   16186  122953  300000
 69  158485   16194  125321  300000
 70  156109   16190  127701  300000
 71  153733   16186  130081  300000
 72  151359   16186  132455  300000
 73  148981   16186  134833  300000
 74  146609   16182  137209  300000
 75  144235   16186  139579  300000
 76  141859   16184  141957  300000
 77  139487   16178  144335  300000
 78  137113   16180  146707  300000
 79  134739   16176  149085  300000
 80  132363   16174  151463  300000
 81  129989   16180  153831  300000
 82  127613   16182  156205  300000
 83  125237   16180  158583  300000
 84  122863   16180  160957  300000
 85  120485   16182  163333  300000
 86  118113   16180  165707  300000
 87  115739   16182  168079  300000
 88  113365   16182  170453  300000
 89  110993   16176  172831  300000
 90  108621   16176  175203  300000
 91  106247   16174  177579  300000
 92  103871   16174  179955  300000
 93  101497   16180  182323  300000
 94   99121   16182  184697  300000
 95   96745   16180  187075  300000
 96   94371   16180  189449  300000
 97   91993   16182  191825  300000
 98   89621   16180  194199  300000
 99   87247   16182  196571  300000
100   84871   16184  198945  300000
101   82499   16178  201323  300000
102   80127   16178  203695  300000
103   77753   16176  206071  300000
104   75377   16176  208447  300000
105   73003   16182  210815  300000
106   70627   16182  213191  300000
107   68251   16180  215569  300000
108   65877   16180  217943  300000
109   63499   16182  220319  300000
110   61127   16180  222693  300000
111   58753   16182  225065  300000
112   56376   16185  227439  300000
113   54001   16181  229818  300000
114   51624   16187  232189  300000
115   49245   16190  234565  300000
116   46860   16202  236938  300000
117   44476   16216  239308  300000
118   42088   16228  241684  300000
119   39697   16237  244066  300000
120   37314   16241  246445  300000
121   34942   16233  248825  300000
122   32616   16182  251202  300000
123   30355   16075  253570  300000
124   28196   15885  255919  300000
125   26182   15568  258250  300000
126   24353   15117  260530  300000
127   22737   14521  262742  300000
128   21341   13793  264866  300000
129   20171   12946  266883  300000
130   19200   12020  268780  300000
131   18407   11049  270544  300000
132   17769   10067  272164  300000
133   17252    9107  273641  300000
134   16837    8185  274978  300000
135   16500    7316  276184  300000
136   16222    6517  277261  300000
137   16000    5775  278225  300000
138   15818    5103  279079  300000
139   15670    4495  279835  300000
140   15548    3948  280504  300000
141   15449    3456  281095  300000
142   15366    3020  281614  300000
143   15295    2637  282068  300000
144   15240    2294  282466  300000
145   15190    1999  282811  300000
146   15153    1736  283111  300000
147   15121    1502  283377  300000
148   15097    1298  283605  300000
149   15076    1116  283808  300000
150   15060     956  283984  300000
151   15046     820  284134  300000
152   15034     705  284261  300000
153   15027     599  284374  300000
154   15020     508  284472  300000
155   15015     429  284556  300000
156   15012     361  284627  300000
157   15011     300  284689  300000
158   15011     249  284740  300000
159   15011     207  284782  300000
160   15011     168  284821  300000
161   15011     136  284853  300000
162   15011     109  284880  300000
163   15011      88  284901  300000
164   15011      69  284920  300000
165   15011      53  284936  300000
166   15011      39  284950  300000
167   15011      27  284962  300000
168   15011      20  284969  300000
169   15011      13  284976  300000
170   15011      08  284981  300000
171   15011      03  284986  300000
172   15011      00  284989  300000
173   15011      00  284989  300000
174   15011      00  284989  300000
175   15011      00  284989  300000
176   15011      00  284989  300000
177   15011      00  284989  300000
178   15011      00  284989  300000
179   15011      00  284989  300000
180   15011      00  284989  300000
181   15011      00  284989  300000
182   15011      00  284989  300000
183   15011      00  284989  300000
184   15011      00  284989  300000
185   15011      00  284989  300000
186   15011      00  284989  300000
187   15011      00  284989  300000
188   15011      00  284989  300000
189   15011      00  284989  300000
190   15011      00  284989  300000
191   15011      00  284989  300000
192   15011      00  284989  300000
193   15011      00  284989  300000
194   15011      00  284989  300000
195   15011      00  284989  300000
196   15011      00  284989  300000
197   15011      00  284989  300000
198   15011      00  284989  300000
199   15011      00  284989  300000
200   15011      00  284989  300000
