  0  299600     400      00  300000
  1  299498     444      58  300000
  2  299298     494     208  300000
  3  299098     552     350  300000
  4  298897     617     486  300000
  5  298696     686     618  300000
  6  298396     859     745  300000
  7  298096     936     968  300000
  8  297697    1116    1187  300000
  9  297198    1398    1404  300000
 10  296598    1783    1619  300000
 11  295799    2270    1931  300000
 12  294801    2858    2341  300000
 13  293603    3548    2849  300000
 14  292105    4439    3456  300000
 15  290208    5630    4162  300000
 16  287812    7122    5066  300000
 17  284717    9114    6169  300000
 18  280822   11607    7571  300000
 19  275929   14799    9272  300000
 20  269738   18790   11472  300000
 21  262049   23681   14270  300000
 22  252662   29571   17767  300000
 23  241377   36560   22063  300000
 24  227996   44547   27457  300000
 25  212617   53434   33949  300000
 26  195440   62820   41740  300000
 27  176865   72207   50928  300000
 28  157491   81094   61415  300000
 29  138117   88683   73200  300000
 30  119542   94375   86083  300000
 31  102465   97671   99864  300000
 32   87286   98668  114046  300000
 33   74303   97270  128427  300000
 34   63417   93975  142608  300000
 35   54429   89281  156290  300000
 36   47138   83589  169273  300000
 37   41246   77297  181457  300000
 38   36452   70806  192742  300000
 39   32557   64414  203029  300000
 40   29461   58122  212417  300000
 41   26865   52229  220906  300000
 42   24768   46736  228496  300000
 43   23070   41643  235287  300000
 44   21672   36949  241379  300000
 45   20474   32754  246772  300000
 46   19476   28959  251565  300000
 47   18677   25464  255859  300000
 48   17978   22468  259554  300000
 49   17379   19772  262849  300000
 50   16880   17375  265745  300000
 51   16481   15178  268341  300000
 52   16181   13182  270637  300000
 53   15882   11484  272634  300000
 54   15682    9986  274332  300000
 55   15482    8688  275830  300000
 56   15283    7589  277128  300000
 57   15183    6491  278326  300000
 58   15083    5592  279325  300000
 59   14983    4794  280223  300000
 60   14884    4193  280923  300000
 61   14884    3494  281622  300000
 62   14884    2895  282221  300000
 63   14884    2396  282720  300000
 64   14884    1997  283119  300000
 65   14884    1697  283419  300000
 66   14884    1397  283719  300000
 67   14884    1098  284018  300000
 68   14884     898  284218  300000
 69   14884     698  284418  300000
 70   14884     499  284617  300000
 71   14884     399  284717  300000
 72   14884     299  284817  300000
 73   14884     199  284917  300000
 74   14884      99  285017  300000
 75   14884      00  285116  300000
 76   14884      00  285116  300000
 77   14884      00  285116  300000
 78   14884      00  285116  300000
 79   14884      00  285116  300000
 80   14884      00  285116  300000
 81   14884      00  285116  300000
 82   14884      00  285116  300000
 83   14884      00  285116  300000
 84   14884      00  285116  300000
 85   14884      00  285116  300000
 86   14884      00  285116  300000
 87   14884      00  285116  300000
 88   14884      00  285116  300000
 89   14884      00  285116  300000
 90   14884      00  285116  300000
 91   14884      00  285116  300000
 92   14884      00  285116  300000
 93   14884      00  285116  300000
 94   14884      00  285116  300000
 95   14884      00  285116  300000
 96   14884      00  285116  300000
 97   14884      00  285116  300000
 98   14884      00  285116  300000
 99   14884      00  285116  300000
100   14884      00  285116  300000
101   14884      00  285116  300000
102   14884      00  285116  300000
103   14884      00  285116  300000
104   14884      00  285116  300000
105   14884      00  285116  300000
106   14884      00  285116  300000
107   14884      00  285116  300000
108   14884      00  285116  300000
109   14884      00  285116  300000
110   14884      00  285116  300000
111   14884      00  285116  300000
112   14884      00  285116  300000
113   14884      00  285116  300000
114   14884      00  285116  300000
115   14884      00  285116  300000
116   14884      00  285116  300000
117   14884      00  285116  300000
118   14884      00  285116  300000
119   14884      00  285116  300000
120   14884      00  285116  300000
121   14884      00  285116  300000
122   14884      00  285116  300000
123   14884      00  285116  300000
124   14884      00  285116  300000
125   14884      00  285116  300000
126   14884      00  285116  300000
127   14884      00  285116  300000
128   14884      00  285116  300000
129   14884      00  285116  300000
130   14884      00  285116  300000
131   14884      00  285116  300000
132   14884      00  285116  300000
133   14884      00  285116  300000
134   14884      00  285116  300000
135   14884      00  285116  300000
136   14884      00  285116  300000
137   14884      00  285116  300000
138   14884      00  285116  300000
139   14884      00  285116  300000
140   14884      00  285116  300000
141   14884      00  285116  300000
142   14884      00  285116  300000
143   14884      00  285116  300000
144   14884      00  285116  300000
145   14884      00  285116  300000
146   14884      00  285116  300000
147   14884      00  285116  300000
148   14884      00  285116  300000
149   14884      00  285116  300000
150   14884      00  285116  300000
151   14884      00  285116  300000
152   14884      00  285116  300000
153   14884      00  285116  300000
154   14884      00  285116  300000
155   14884      00  285116  300000
156   14884      00  285116  300000
157   14884      00  285116  300000
158   14884      00  285116  300000
159   14884      00  285116  300000
160   14884      00  285116  300000
161   14884      00  285116  300000
162   14884      00  285116  300000
163   14884      00  285116  300000
164   14884      00  285116  300000
165   14884      00  285116  300000
166   14884      00  285116  300000
167   14884      00  285116  300000
168   14884      00  285116  300000
169   14884      00  285116  300000
170   14884      00  285116  300000
171   14884      00  285116  300000
172   14884      00  285116  300000
173   14884      00  285116  300000
174   14884      00  285116  300000
175   14884      00  285116  300000
176   14884      00  285116  300000
177   14884      00  285116  300000
178   14884      00  285116  300000
179   14884      00  285116  300000
180   14884      00  285116  300000
181   14884      00  285116  300000
182   14884      00  285116  300000
183   14884      00  285116  300000
184   14884      00  285116  300000
185   14884      00  285116  300000
186   14884      00  285116  300000
187   14884      00  285116  300000
188   14884      00  285116  300000
189   14884      00  285116  300000
190   14884      00  285116  300000
191   14884      00  285116  300000
192   14884      00  285116  300000
193   14884      00  285116  300000
194   14884      00  285116  300000
195   14884      00  285116  300000
196   14884      00  285116  300000
197   14884      00  285116  300000
198   14884      00  285116  300000
199   14884      00  285116  300000
200   14884      00  285116  300000
