  0  299000    1000      00  300000
  1  298601    1254     145  300000
  2  298102    1529     369  300000
  3  297503    1823     674  300000
  4  296706    2329     965  300000
  5  295709    2949    1342  300000
  6  294413    3780    1807  300000
  7  292818    4819    2363  300000
  8  290725    6166    3109  300000
  9  288035    7917    4048  300000
 10  284646   10075    5279  300000
 11  280360   12836    6804  300000
 12  274978   16298    8724  300000
 13  268201   20661   11138  300000
 14  259829   26024   14147  300000
 15  249663   32386   17951  300000
 16  237405   39946   22649  300000
 17  223053   48505   28442  300000
 18  206708   57764   35528  300000
 19  188669   67422   43909  300000
 20  169433   76784   53783  300000
 21  149700   85348   64952  300000
 22  130365   92220   77415  300000
 23  112126   97000   90874  300000
 24   95681   99289  105030  300000
 25   81329   99186  119485  300000
 26   69170   96891  133939  300000
 27   59004   93001  147995  300000
 28   50732   87717  161551  300000
 29   44054   81636  174310  300000
 30   38672   75156  186172  300000
 31   34287   68577  197136  300000
 32   30798   62098  207104  300000
 33   27908   55917  216175  300000
 34   25615   50037  224348  300000
 35   23721   44654  231625  300000
 36   22127   39769  238104  300000
 37   20832   35283  243885  300000
 38   19736   31196  249068  300000
 39   18839   27508  253653  300000
 40   18141   24120  257739  300000
 41   17543   21130  261327  300000
 42   17045   18538  264417  300000
 43   16646   16246  267108  300000
 44   16248   14252  269500  300000
 45   15949   12458  271593  300000
 46   15650   10863  273487  300000
 47   15451    9467  275082  300000
 48   15252    8271  276477  300000
 49   15152    7076  277772  300000
 50   15052    6080  278868  300000
 51   14953    5282  279765  300000
 52   14854    4583  280563  300000
 53   14755    3984  281261  300000
 54   14755    3386  281859  300000
 55   14755    2888  282357  300000
 56   14755    2390  282855  300000
 57   14755    1991  283254  300000
 58   14755    1692  283553  300000
 59   14755    1393  283852  300000
 60   14755    1094  284151  300000
 61   14755     895  284350  300000
 62   14755     696  284549  300000
 63   14755     497  284748  300000
 64   14755     397  284848  300000
 65   14755     297  284948  300000
 66   14755     198  285047  300000
 67   14755      99  285146  300000
 68   14755      00  285245  300000
 69   14755      00  285245  300000
 70   14755      00  285245  300000
 71   14755      00  285245  300000
 72   14755      00  285245  300000
 73   14755      00  285245  300000
 74   14755      00  285245  300000
 75   14755      00  285245  300000
 76   14755      00  285245  300000
 77   14755      00  285245  300000
 78   14755      00  285245  300000
 79   14755      00  285245  300000
 80   14755      00  285245  300000
 81   14755      00  285245  300000
 82   14755      00  285245  300000
 83   14755      00  285245  300000
 84   14755      00  285245  300000
 85   14755      00  285245  300000
 86   14755      00  285245  300000
 87   14755      00  285245  300000
 88   14755      00  285245  300000
 89   14755      00  285245  300000
 90   14755      00  285245  300000
 91   14755      00  285245  300000
 92   14755      00  285245  300000
 93   14755      00  285245  300000
 94   14755      00  285245  300000
 95   14755      00  285245  300000
 96   14755      00  285245  300000
 97   14755      00  285245  300000
 98   14755      00  285245  300000
 99   14755      00  285245  300000
100   14755      00  285245  300000
101   14755      00  285245  300000
102   14755      00  285245  300000
103   14755      00  285245  300000
104   14755      00  285245  300000
105   14755      00  285245  300000
106   14755      00  285245  300000
107   14755      00  285245  300000
108   14755      00  285245  300000
109   14755      00  285245  300000
110   14755      00  285245  300000
111   14755      00  285245  300000
112   14755      00  285245  300000
113   14755      00  285245  300000
114   14755      00  285245  300000
115   14755      00  285245  300000
116   14755      00  285245  300000
117   14755      00  285245  300000
118   14755      00  285245  300000
119   14755      00  285245  300000
120   14755      00  285245  300000
121   14755      00  285245  300000
122   14755      00  285245  300000
123   14755      00  285245  300000
124   14755      00  285245  300000
125   14755      00  285245  300000
126   14755      00  285245  300000
127   14755      00  285245  300000
128   14755      00  285245  300000
129   14755      00  285245  300000
130   14755      00  285245  300000
131   14755      00  285245  300000
132   14755      00  285245  300000
133   14755      00  285245  300000
134   14755      00  285245  300000
135   14755      00  285245  300000
136   14755      00  285245  300000
137   14755      00  285245  300000
138   14755      00  285245  300000
139   14755      00  285245  300000
140   14755      00  285245  300000
141   14755      00  285245  300000
142   14755      00  285245  300000
143   14755      00  285245  300000
144   14755      00  285245  300000
145   14755      00  285245  300000
146   14755      00  285245  300000
147   14755      00  285245  300000
148   14755      00  285245  300000
149   14755      00  285245  300000
150   14755      00  285245  300000
151   14755      00  285245  300000
152   14755      00  285245  300000
153   14755      00  285245  300000
154   14755      00  285245  300000
155   14755      00  285245  300000
156   14755      00  285245  300000
157   14755      00  285245  300000
158   14755      00  285245  300000
159   14755      00  285245  300000
160   14755      00  285245  300000
161   14755      00  285245  300000
162   14755      00  285245  300000
163   14755      00  285245  300000
164   14755      00  285245  300000
165   14755      00  285245  300000
166   14755      00  285245  300000
167   14755      00  285245  300000
168   14755      00  285245  300000
169   14755      00  285245  300000
170   14755      00  285245  300000
171   14755      00  285245  300000
172   14755      00  285245  300000
173   14755      00  285245  300000
174   14755      00  285245  300000
175   14755      00  285245  300000
176   14755      00  285245  300000
177   14755      00  285245  300000
178   14755      00  285245  300000
179   14755      00  285245  300000
180   14755      00  285245  300000
181   14755      00  285245  300000
182   14755      00  285245  300000
183   14755      00  285245  300000
184   14755      00  285245  300000
185   14755      00  285245  300000
186   14755      00  285245  300000
187   14755      00  285245  300000
188   14755      00  285245  300000
189   14755      00  285245  300000
190   14755      00  285245  300000
191   14755      00  285245  300000
192   14755      00  285245  300000
193   14755      00  285245  300000
194   14755      00  285245  300000
195   14755      00  285245  300000
196   14755      00  285245  300000
197   14755      00  285245  300000
198   14755      00  285245  300000
199   14755      00  285245  300000
200   14755      00  285245  300000
