  0  299500     500      00  300000
  1  299301     626      73  300000
  2  299101     664     235  300000
  3  298900     712     388  300000
  4  298601     866     533  300000
  5  298300    1028     672  300000
  6  297900    1195     905  300000
  7  297401    1466    1133  300000
  8  296801    1842    1357  300000
  9  296002    2320    1678  300000
 10  295004    2901    2095  300000
 11  293707    3684    2609  300000
 12  292110    4669    3221  300000
 13  290113    5956    3931  300000
 14  287518    7643    4839  300000
 15  284225    9730    6045  300000
 16  280033   12418    7549  300000
 17  274841   15807    9352  300000
 18  268252   20095   11653  300000
 19  260165   25183   14652  300000
 20  250282   31368   18350  300000
 21  238401   38654   22945  300000
 22  224425   46937   28638  300000
 23  208453   56018   35529  300000
 24  190782   65501   43717  300000
 25  171913   74785   53302  300000
 26  152446   83369   64185  300000
 27  133179   90455   76366  300000
 28  114910   95545   89545  300000
 29   98337   98240  103423  300000
 30   83761   98539  117700  300000
 31   71282   96642  132076  300000
 32   60900   92947  146153  300000
 33   52315   88054  159631  300000
 34   45327   82263  172410  300000
 35   39736   75874  184390  300000
 36   35243   69286  195471  300000
 37   31550   62895  205555  300000
 38   28555   56705  214740  300000
 39   26159   50815  223026  300000
 40   24162   45424  230414  300000
 41   22564   40433  237003  300000
 42   21266   35840  242894  300000
 43   20167   31648  248185  300000
 44   19268   27954  252778  300000
 45   18470   24659  256871  300000
 46   17871   21664  260465  300000
 47   17371   18969  263660  300000
 48   16873   16671  266456  300000
 49   16474   14574  268952  300000
 50   16175   12677  271148  300000
 51   15876   11079  273045  300000
 52   15676    9582  274742  300000
 53   15477    8383  276140  300000
 54   15377    7186  277437  300000
 55   15277    6188  278535  300000
 56   15177    5389  279434  300000
 57   15077    4690  280233  300000
 58   14978    4090  280932  300000
 59   14978    3491  281531  300000
 60   14978    2893  282129  300000
 61   14978    2394  282628  300000
 62   14978    1995  283027  300000
 63   14978    1695  283327  300000
 64   14978    1396  283626  300000
 65   14978    1097  283925  300000
 66   14978     897  284125  300000
 67   14978     698  284324  300000
 68   14978     499  284523  300000
 69   14978     399  284623  300000
 70   14978     299  284723  300000
 71   14978     199  284823  300000
 72   14978      99  284923  300000
 73   14978      00  285022  300000
 74   14978      00  285022  300000
 75   14978      00  285022  300000
 76   14978      00  285022  300000
 77   14978      00  285022  300000
 78   14978      00  285022  300000
 79   14978      00  285022  300000
 80   14978      00  285022  300000
 81   14978      00  285022  300000
 82   14978      00  285022  300000
 83   14978      00  285022  300000
 84   14978      00  285022  300000
 85   14978      00  285022  300000
 86   14978      00  285022  300000
 87   14978      00  285022  300000
 88   14978      00  285022  300000
 89   14978      00  285022  300000
 90   14978      00  285022  300000
 91   14978      00  285022  300000
 92   14978      00  285022  300000
 93   14978      00  285022  300000
 94   14978      00  285022  300000
 95   14978      00  285022  300000
 96   14978      00  285022  300000
 97   14978      00  285022  300000
 98   14978      00  285022  300000
 99   14978      00  285022  300000
100   14978      00  285022  300000
101   14978      00  285022  300000
102   14978      00  285022  300000
103   14978      00  285022  300000
104   14978      00  285022  300000
105   14978      00  285022  300000
106   14978      00  285022  300000
107   14978      00  285022  300000
108   14978      00  285022  300000
109   14978      00  285022  300000
110   14978      00  285022  300000
111   14978      00  285022  300000
112   14978      00  285022  300000
113   14978      00  285022  300000
114   14978      00  285022  300000
115   14978      00  285022  300000
116   14978      00  285022  300000
117   14978      00  285022  300000
118   14978      00  285022  300000
119   14978      00  285022  300000
120   14978      00  285022  300000
121   14978      00  285022  300000
122   14978      00  285022  300000
123   14978      00  285022  300000
124   14978      00  285022  300000
125   14978      00  285022  300000
126   14978      00  285022  300000
127   14978      00  285022  300000
128   14978      00  285022  300000
129   14978      00  285022  300000
130   14978      00  285022  300000
131   14978      00  285022  300000
132   14978      00  285022  300000
133   14978      00  285022  300000
134   14978      00  285022  300000
135   14978      00  285022  300000
136   14978      00  285022  300000
137   14978      00  285022  300000
138   14978      00  285022  300000
139   14978      00  285022  300000
140   14978      00  285022  300000
141   14978      00  285022  300000
142   14978      00  285022  300000
143   14978      00  285022  300000
144   14978      00  285022  300000
145   14978      00  285022  300000
146   14978      00  285022  300000
147   14978      00  285022  300000
148   14978      00  285022  300000
149   14978      00  285022  300000
150   14978      00  285022  300000
151   14978      00  285022  300000
152   14978      00  285022  300000
153   14978      00  285022  300000
154   14978      00  285022  300000
155   14978      00  285022  300000
156   14978      00  285022  300000
157   14978      00  285022  300000
158   14978      00  285022  300000
159   14978      00  285022  300000
160   14978      00  285022  300000
161   14978      00  285022  300000
162   14978      00  285022  300000
163   14978      00  285022  300000
164   14978      00  285022  300000
165   14978      00  285022  300000
166   14978      00  285022  300000
167   14978      00  285022  300000
168   14978      00  285022  300000
169   14978      00  285022  300000
170   14978      00  285022  300000
171   14978      00  285022  300000
172   14978      00  285022  300000
173   14978      00  285022  300000
174   14978      00  285022  300000
175   14978      00  285022  300000
176   14978      00  285022  300000
177   14978      00  285022  300000
178   14978      00  285022  300000
179   14978      00  285022  300000
180   14978      00  285022  300000
181   14978      00  285022  300000
182   14978      00  285022  300000
183   14978      00  285022  300000
184   14978      00  285022  300000
185   14978      00  285022  300000
186   14978      00  285022  300000
187   14978      00  285022  300000
188   14978      00  285022  300000
189   14978      00  285022  300000
190   14978      00  285022  300000
191   14978      00  285022  300000
192   14978      00  285022  300000
193   14978      00  285022  300000
194   14978      00  285022  300000
195   14978      00  285022  300000
196   14978      00  285022  300000
197   14978      00  285022  300000
198   14978      00  285022  300000
199   14978      00  285022  300000
200   14978      00  285022  300000
