  0  299600     400      00  300000
  1  299498     444      58  300000
  2  299391     402     207  300000
  3  299283     368     349  300000
  4  299176     339     485  300000
  5  299068     315     617  300000
  6  298960     295     745  300000
  7  298850     280     870  300000
  8  298740     266     994  300000
  9  298630     252    1118  300000
 10  298608     153    1239  300000
 11  298587     144    1269  300000
 12  298565     138    1297  300000
 13  298542     134    1324  300000
 14  298518     132    1350  300000
 15  298489     136    1375  300000
 16  298459     141    1400  300000
 17  298424     148    1428  300000
 18  298386     159    1455  300000
 19  298345     170    1485  300000
 20  298299     185    1516  300000
 21  298248     203    1549  300000
 22  298189     226    1585  300000
 23  298121     253    1626  300000
 24  298045     286    1669  300000
 25  297960     321    1719  300000
 26  297862     365    1773  300000
 27  297750     416    1834  300000
 28  297625     472    1903  300000
 29  297482     539    1979  300000
 30  297317     617    2066  300000
 31  297125     709    2166  300000
 32  296903     817    2280  300000
 33  296571    1019    2410  300000
 34  296202    1160    2638  300000
 35  295795    1318    2887  300000
 36  295259    1582    3159  300000
 37  294670    1871    3459  300000
 38  293947    2268    3785  300000
 39  293076    2777    4147  300000
 40  291969    3402    4629  300000
 41  290618    4227    5155  300000
 42  288933    5259    5808  300000
 43  286820    6581    6599  300000
 44  284186    8201    7613  300000
 45  280937   10202    8861  300000
 46  276894   12677   10429  300000
 47  271881   15789   12330  300000
 48  265724   19621   14655  300000
 49  258160   24268   17572  300000
 50  249021   29800   21179  300000
 51  238131   36303   25566  300000
 52  225339   43752   30909  300000
 53  210668   52037   37295  300000
 54  194237   60872   44891  300000
 55  176434   69795   53771  300000
 56  157822   78245   63933  300000
 57  139059   85595   75346  300000
 58  120948   91231   87821  300000
 59  104120   94796  101084  300000
 60   89026   96122  114852  300000
 61   75993   95186  128821  300000
 62   64938   92415  142647  300000
 63   55764   88111  156125  300000
 64   48259   82812  168929  300000
 65   42227   76755  181018  300000
 66   37319   70513  192168  300000
 67   33351   64202  202447  300000
 68   30134   58085  211781  300000
 69   27489   52267  220244  300000
 70   25316   46829  227855  300000
 71   23594   41709  234697  300000
 72   22161   37054  240785  300000
 73   20929   32867  246204  300000
 74   19966   28993  251041  300000
 75   19110   25575  255315  300000
 76   18435   22458  259107  300000
 77   17859   19706  262435  300000
 78   17376   17246  265378  300000
 79   16990   15062  267948  300000
 80   16617   13233  270150  300000
 81   16327   11526  272147  300000
 82   16131   10006  273863  300000
 83   15939    8675  275386  300000
 84   15750    7532  276718  300000
 85   15650    6486  277864  300000
 86   15550    5624  278826  300000
 87   15456    4858  279686  300000
 88   15365    4187  280448  300000
 89   15282    3601  281117  300000
 90   15282    3025  281693  300000
 91   15282    2546  282172  300000
 92   15282    2160  282558  300000
 93   15282    1783  282935  300000
 94   15282    1492  283226  300000
 95   15282    1207  283511  300000
 96   15282    1014  283704  300000
 97   15282     822  283896  300000
 98   15282     633  284085  300000
 99   15282     455  284263  300000
100   15282     359  284359  300000
101   15282     265  284453  300000
102   15282     173  284545  300000
103   15282      83  284635  300000
104   15282      00  284718  300000
105   15282      00  284718  300000
106   15282      00  284718  300000
107   15282      00  284718  300000
108   15282      00  284718  300000
109   15282      00  284718  300000
110   15282      00  284718  300000
111   15282      00  284718  300000
112   15282      00  284718  300000
113   15282      00  284718  300000
114   15282      00  284718  300000
115   15282      00  284718  300000
116   15282      00  284718  300000
117   15282      00  284718  300000
118   15282      00  284718  300000
119   15282      00  284718  300000
120   15282      00  284718  300000
121   15282      00  284718  300000
122   15282      00  284718  300000
123   15282      00  284718  300000
124   15282      00  284718  300000
125   15282      00  284718  300000
126   15282      00  284718  300000
127   15282      00  284718  300000
128   15282      00  284718  300000
129   15282      00  284718  300000
130   15282      00  284718  300000
131   15282      00  284718  300000
132   15282      00  284718  300000
133   15282      00  284718  300000
134   15282      00  284718  300000
135   15282      00  284718  300000
136   15282      00  284718  300000
137   15282      00  284718  300000
138   15282      00  284718  300000
139   15282      00  284718  300000
140   15282      00  284718  300000
141   15282      00  284718  300000
142   15282      00  284718  300000
143   15282      00  284718  300000
144   15282      00  284718  300000
145   15282      00  284718  300000
146   15282      00  284718  300000
147   15282      00  284718  300000
148   15282      00  284718  300000
149   15282      00  284718  300000
150   15282      00  284718  300000
151   15282      00  284718  300000
152   15282      00  284718  300000
153   15282      00  284718  300000
154   15282      00  284718  300000
155   15282      00  284718  300000
156   15282      00  284718  300000
157   15282      00  284718  300000
158   15282      00  284718  300000
159   15282      00  284718  300000
160   15282      00  284718  300000
161   15282      00  284718  300000
162   15282      00  284718  300000
163   15282      00  284718  300000
164   15282      00  284718  300000
165   15282      00  284718  300000
166   15282      00  284718  300000
167   15282      00  284718  300000
168   15282      00  284718  300000
169   15282      00  284718  300000
170   15282      00  284718  300000
171   15282      00  284718  300000
172   15282      00  284718  300000
173   15282      00  284718  300000
174   15282      00  284718  300000
175   15282      00  284718  300000
176   15282      00  284718  300000
177   15282      00  284718  300000
178   15282      00  284718  300000
179   15282      00  284718  300000
180   15282      00  284718  300000
181   15282      00  284718  300000
182   15282      00  284718  300000
183   15282      00  284718  300000
184   15282      00  284718  300000
185   15282      00  284718  300000
186   15282      00  284718  300000
187   15282      00  284718  300000
188   15282      00  284718  300000
189   15282      00  284718  300000
190   15282      00  284718  300000
191   15282      00  284718  300000
192   15282      00  284718  300000
193   15282      00  284718  300000
194   15282      00  284718  300000
195   15282      00  284718  300000
196   15282      00  284718  300000
197   15282      00  284718  300000
198   15282      00  284718  300000
199   15282      00  284718  300000
200   15282      00  284718  300000
