  0 210146025     100      00 210146125
  1 210145986     123      16 210146125
  2 210145934     151      40 210146125
  3 210145873     184      68 210146125
  4 210145798     227     100 210146125
  5 210145704     283     138 210146125
  6 210145583     355     187 210146125
  7 210145429     449     247 210146125
  8 210145234     570     321 210146125
  9 210144983     730     412 210146125
 10 210144661     935     529 210146125
 11 210144244    1207     674 210146125
 12 210143704    1564     857 210146125
 13 210143001    2030    1094 210146125
 14 210142087    2642    1396 210146125
 15 210140896    3441    1788 210146125
 16 210139339    4489    2297 210146125
 17 210137308    5861    2956 210146125
 18 210134653    7657    3815 210146125
 19 210131179   10010    4936 210146125
 20 210126636   13091    6398 210146125
 21 210120691   17127    8307 210146125
 22 210112912   22414   10799 210146125
 23 210102732   29335   14058 210146125
 24 210089404   38399   18322 210146125
 25 210071958   50266   23901 210146125
 26 210049122   65799   31204 210146125
 27 210019232   86136   40757 210146125
 28 209980121  112745   53259 210146125
 29 209928948  147556   69621 210146125
 30 209862015  193081   91029 210146125
 31 209774505  252584  119036 210146125
 32 209660149  330303  155673 210146125
 33 209510820  431724  203581 210146125
 34 209316003  563928  266194 210146125
 35 209062137  736010  347978 210146125
 36 208731827  959586  454712 210146125
 37 208302886 1249375  593864 210146125
 38 207747246 1623841  775038 210146125
 39 207029733 2105883 1010509 210146125
 40 206106810 2723439 1315876 210146125
 41 204925432 3509906 1710787 210146125
 42 203422164 4504226 2219735 210146125
 43 201522880 5750384 2872861 210146125
 44 199143287 7296157 3706681 210146125
 45 196190487 9191002 4764636 210146125
 46 192565672 11483110 6097343 210146125
 47 188167967 14215750 7762408 210146125
 48 182899576 17422843 9823706 210146125
 49 176673007 21123085 12350033 210146125
 50 169421973 25311256 15412896 210146125
 51 161117699 29945385 19083041 210146125
 52 151790513 34930475 23425137 210146125
 53 141552413 40103642 28490070 210146125
 54 130611217 45229798 34305110 210146125
 55 119264940 50017741 40863444 210146125
 56 107869461 54160635 48116029 210146125
 57 96784017 57392773 55969335 210146125
 58 86311785 59543040 64291300 210146125
 59 76657484 60563587 72925054 210146125
 60 67915748 60523589 81706788 210146125
 61 60088585 59574815 90482725 210146125
 62 53118665 57906373 99121087 210146125
 63 46923627 55704972 107517526 210146125
 64 41422011 53129355 115594759 210146125
 65 36547573 50300021 123298531 210146125
 66 32252715 47301363 130592047 210146125
 67 28503676 44191691 137450758 210146125
 68 25271424 41016134 143858567 210146125
 69 22522941 37817264 149805920 210146125
 70 20216437 34640253 155289435 210146125
 71 18301700 31532143 160312282 210146125
 72 16724026 28537646 164884453 210146125
 73 15429143 25694556 169022426 210146125
 74 14367149 23030826 172748150 210146125
 75 13494685 20563809 176087631 210146125
 76 12775512 18301213 179069400 210146125
 77 12180125 16242912 181723088 210146125
 78 11684846 14382956 184078323 210146125
 79 11270827 12711432 186163866 210146125
 80 10923095 11215993 188007037 210146125
 81 10629734 9883022 189633369 210146125
 82 10381226 8698478 191066421 210146125
 83 10169930 7648479 192327716 210146125
 84 9989677 6719688 193436760 210146125
 85 9835448 5899550 194411127 210146125
 86 9703136 5176415 195266574 210146125
 87 9589364 4539594 196017167 210146125
 88 9491334 3979370 196675421 210146125
 89 9406717 3486968 197252440 210146125
 90 9333563 3054499 197758063 210146125
 91 9270230 2674915 198200980 210146125
 92 9215336 2341934 198588855 210146125
 93 9167703 2049974 198928448 210146125
 94 9126335 1794083 199225707 210146125
 95 9090378 1569885 199485862 210146125
 96 9059103 1373511 199713511 210146125
 97 9031886 1201555 199912684 210146125
 98 9008185 1051017 200086923 210146125
 99 8987537  919254 200239334 210146125
100 8969545  803942 200372638 210146125
101 8953857  703047 200489221 210146125
102 8940177  614772 200591176 210146125
103 8928243  537553 200680329 210146125
104 8917831  470008 200758286 210146125
105 8908744  410930 200826451 210146125
106 8900812  359263 200886050 210146125
107 8893891  314077 200938157 210146125
108 8887849  274566 200983710 210146125
109 8882574  240015 201023536 210146125
110 8877967  209807 201058351 210146125
111 8873945  183391 201088789 210146125
112 8870432  160296 201115397 210146125
113 8867365  140111 201138649 210146125
114 8864688  122460 201158977 210146125
115 8862351  107028 201176746 210146125
116 8860310   93539 201192276 210146125
117 8858529   81744 201205852 210146125
118 8856978   71428 201217719 210146125
119 8855622   62413 201228090 210146125
120 8854439   54536 201237150 210146125
121 8853408   47646 201245071 210146125
122 8852509   41626 201251990 210146125
123 8851726   36359 201258040 210146125
124 8851041   31758 201263326 210146125
125 8850447   27734 201267944 210146125
126 8849929   24215 201271981 210146125
127 8849478   21143 201275504 210146125
128 8849086   18458 201278581 210146125
129 8848746   16108 201281271 210146125
130 8848449   14055 201283621 210146125
131 8848193   12259 201285673 210146125
132 8847972   10689 201287464 210146125
133 8847778    9322 201289025 210146125
134 8847613    8121 201290391 210146125
135 8847470    7071 201291584 210146125
136 8847347    6155 201292623 210146125
137 8847241    5353 201293531 210146125
138 8847151    4655 201294319 210146125
139 8847072    4048 201295005 210146125
140 8847009    3512 201295604 210146125
141 8846954    3044 201296127 210146125
142 8846905    2638 201296582 210146125
143 8846865    2284 201296976 210146125
144 8846832    1974 201297319 210146125
145 8846806    1700 201297619 210146125
146 8846783    1464 201297878 210146125
147 8846763    1263 201298099 210146125
148 8846750    1080 201298295 210146125
149 8846739     923 201298463 210146125
150 8846729     787 201298609 210146125
151 8846723     666 201298736 210146125
152 8846719     562 201298844 210146125
153 8846716     472 201298937 210146125
154 8846714     395 201299016 210146125
155 8846713     328 201299084 210146125
156 8846712     272 201299141 210146125
157 8846712     223 201299190 210146125
158 8846712     179 201299234 210146125
159 8846712     145 201299268 210146125
160 8846712     117 201299296 210146125
161 8846712      93 201299320 210146125
162 8846712      72 201299341 210146125
163 8846712      55 201299358 210146125
164 8846712      43 201299370 210146125
165 8846712      32 201299381 210146125
166 8846712      23 201299390 210146125
167 8846712      16 201299397 210146125
168 8846712      10 201299403 210146125
169 8846712      07 201299406 210146125
170 8846712      04 201299409 210146125
171 8846712      02 201299411 210146125
172 8846712      01 201299412 210146125
173 8846712      00 201299413 210146125
174 8846712      00 201299413 210146125
175 8846712      00 201299413 210146125
176 8846712      00 201299413 210146125
177 8846712      00 201299413 210146125
178 8846712      00 201299413 210146125
179 8846712      00 201299413 210146125
180 8846712      00 201299413 210146125
181 8846712      00 201299413 210146125
182 8846712      00 201299413 210146125
183 8846712      00 201299413 210146125
184 8846712      00 201299413 210146125
185 8846712      00 201299413 210146125
186 8846712      00 201299413 210146125
187 8846712      00 201299413 210146125
188 8846712      00 201299413 210146125
189 8846712      00 201299413 210146125
190 8846712      00 201299413 210146125
191 8846712      00 201299413 210146125
192 8846712      00 201299413 210146125
193 8846712      00 201299413 210146125
194 8846712      00 201299413 210146125
195 8846712      00 201299413 210146125
196 8846712      00 201299413 210146125
197 8846712      00 201299413 210146125
198 8846712      00 201299413 210146125
199 8846712      00 201299413 210146125
200 8846712      00 201299413 210146125
