  0  299600     400      00  300000
  1  299431     511      58  300000
  2  299221     646     133  300000
  3  298960     811     229  300000
  4  298640    1010     350  300000
  5  298254    1245     501  300000
  6  297793    1523     684  300000
  7  297251    1841     908  300000
  8  296626    2195    1179  300000
  9  295915    2584    1501  300000
 10  295122    3000    1878  300000
 11  294254    3430    2316  300000
 12  293319    3862    2819  300000
 13  292330    4285    3385  300000
 14  291299    4690    4011  300000
 15  290236    5067    4697  300000
 16  289145    5420    5435  300000
 17  288036    5738    6226  300000
 18  286910    6026    7064  300000
 19  285774    6282    7944  300000
 20  284630    6509    8861  300000
 21  283477    6710    9813  300000
 22  282323    6886   10791  300000
 23  281162    7041   11797  300000
 24  279996    7179   12825  300000
 25  278829    7300   13871  300000
 26  277658    7403   14939  300000
 27  276484    7494   16022  300000
 28  275308    7576   17116  300000
 29  274130    7647   18223  300000
 30  272949    7710   19341  300000
 31  271766    7767   20467  300000
 32  270581    7820   21599  300000
 33  269393    7865   22742  300000
 34  268206    7903   23891  300000
 35  267017    7937   25046  300000
 36  265826    7968   26206  300000
 37  264635    7993   27372  300000
 38  263444    8014   28542  300000
 39  262255    8031   29714  300000
 40  261065    8046   30889  300000
 41  259874    8061   32065  300000
 42  258683    8068   33249  300000
 43  257492    8077   34431  300000
 44  256302    8083   35615  300000
 45  255112    8089   36799  300000
 46  253924    8092   37984  300000
 47  252737    8093   39170  300000
 48  251549    8095   40356  300000
 49  250363    8095   41542  300000
 50  249174    8099   42727  300000
 51  247984    8100   43916  300000
 52  246798    8098   45104  300000
 53  245612    8097   46291  300000
 54  244425    8093   47482  300000
 55  243238    8091   48671  300000
 56  242050    8095   49855  300000
 57  240862    8093   51045  300000
 58  239674    8091   52235  300000
 59  238487    8091   53422  300000
 60  237298    8091   54611  300000
 61  236112    8090   55798  300000
 62  234925    8092   56983  300000
 63  233738    8091   58171  300000
 64  232552    8088   59360  300000
 65  231366    8088   60546  300000
 66  230179    8087   61734  300000
 67  228991    8087   62922  300000
 68  227804    8090   64106  300000
 69  226616    8091   65293  300000
 70  225428    8090   66482  300000
 71  224241    8090   67669  300000
 72  223052    8091   68857  300000
 73  221866    8090   70044  300000
 74  220679    8091   71230  300000
 75  219491    8092   72417  300000
 76  218305    8089   73606  300000
 77  217119    8089   74792  300000
 78  215932    8088   75980  300000
 79  214744    8088   77168  300000
 80  213557    8091   78352  300000
 81  212369    8091   79540  300000
 82  211181    8090   80729  300000
 83  209994    8090   81916  300000
 84  208805    8091   83104  300000
 85  207619    8090   84291  300000
 86  206432    8091   85477  300000
 87  205244    8092   86664  300000
 88  204058    8089   87853  300000
 89  202872    8089   89039  300000
 90  201685    8088   90227  300000
 91  200497    8088   91415  300000
 92  199310    8091   92599  300000
 93  198122    8091   93787  300000
 94  196934    8090   94976  300000
 95  195747    8090   96163  300000
 96  194558    8091   97351  300000
 97  193372    8090   98538  300000
 98  192185    8091   99724  300000
 99  190997    8092  100911  300000
100  189811    8089  102100  300000
101  188625    8089  103286  300000
102  187438    8088  104474  300000
103  186250    8088  105662  300000
104  185063    8091  106846  300000
105  183875    8091  108034  300000
106  182687    8090  109223  300000
107  181500    8090  110410  300000
108  180311    8091  111598  300000
109  179125    8090  112785  300000
110  177938    8091  113971  300000
111  176750    8092  115158  300000
112  175564    8089  116347  300000
113  174378    8089  117533  300000
114  173191    8088  118721  300000
115  172003    8088  119909  300000
116  170816    8091  121093  300000
117  169628    8091  122281  300000
118  168440    8090  123470  300000
119  167253    8090  124657  300000
120  166064    8091  125845  300000
121  164878    8090  127032  300000
122  163691    8091  128218  300000
123  162503    8092  129405  300000
124  161317    8089  130594  300000
125  160131    8089  131780  300000
126  158944    8088  132968  300000
127  157756    8088  134156  300000
128  156569    8091  135340  300000
129  155381    8091  136528  300000
130  154193    8090  137717  300000
131  153006    8090  138904  300000
132  151817    8091  140092  300000
133  150631    8090  141279  300000
134  149444    8091  142465  300000
135  148256    8092  143652  300000
136  147070    8089  144841  300000
137  145884    8089  146027  300000
138  144697    8088  147215  300000
139  143509    8088  148403  300000
140  142322    8091  149587  300000
141  141134    8091  150775  300000
142  139946    8090  151964  300000
143  138759    8090  153151  300000
144  137570    8091  154339  300000
145  136384    8090  155526  300000
146  135197    8091  156712  300000
147  134009    8092  157899  300000
148  132823    8089  159088  300000
149  131637    8089  160274  300000
150  130450    8088  161462  300000
151  129262    8088  162650  300000
152  128075    8091  163834  300000
153  126887    8091  165022  300000
154  125699    8090  166211  300000
155  124512    8090  167398  300000
156  123323    8091  168586  300000
157  122137    8090  169773  300000
158  120950    8091  170959  300000
159  119762    8092  172146  300000
160  118576    8089  173335  300000
161  117390    8089  174521  300000
162  116203    8088  175709  300000
163  115015    8088  176897  300000
164  113828    8091  178081  300000
165  112640    8091  179269  300000
166  111452    8090  180458  300000
167  110265    8090  181645  300000
168  109076    8091  182833  300000
169  107890    8090  184020  300000
170  106703    8091  185206  300000
171  105515    8092  186393  300000
172  104329    8089  187582  300000
173  103143    8089  188768  300000
174  101956    8088  189956  300000
175  100768    8088  191144  300000
176   99581    8091  192328  300000
177   98393    8091  193516  300000
178   97205    8090  194705  300000
179   96018    8090  195892  300000
180   94829    8091  197080  300000
181   93643    8090  198267  300000
182   92456    8091  199453  300000
183   91268    8092  200640  300000
184   90082    8089  201829  300000
185   88896    8089  203015  300000
186   87709    8088  204203  300000
187   86521    8088  205391  300000
188   85334    8091  206575  300000
189   84146    8091  207763  300000
190   82958    8090  208952  300000
191   81771    8090  210139  300000
192   80582    8091  211327  300000
193   79396    8090  212514  300000
194   78209    8091  213700  300000
195   77021    8092  214887  300000
196   75835    8089  216076  300000
197   74649    8089  217262  300000
198   73462    8088  218450  300000
199   72274    8088  219638  300000
200   71087    8091  220822  300000
