  0  299600     400      00  300000
  1  299500     442      58  300000
  2  299399     394     207  300000
  3  299298     353     349  300000
  4  299197     318     485  300000
  5  299097     287     616  300000
  6  298996     261     743  300000
  7  298896     238     866  300000
  8  298796     218     986  300000
  9  298795     102    1103  300000
 10  298795      87    1118  300000
 11  298794      75    1131  300000
 12  298793      65    1142  300000
 13  298792      56    1152  300000
 14  298792      47    1161  300000
 15  298792      40    1168  300000
 16  298792      34    1174  300000
 17  298792      29    1179  300000
 18  298792      24    1184  300000
 19  298792      20    1188  300000
 20  298792      17    1191  300000
 21  298792      14    1194  300000
 22  298792      11    1197  300000
 23  298792      09    1199  300000
 24  298792      07    1201  300000
 25  298792      05    1203  300000
 26  298792      04    1204  300000
 27  298792      03    1205  300000
 28  298792      02    1206  300000
 29  298792      01    1207  300000
 30  298792      00    1208  300000
 31  298792      00    1208  300000
 32  298792      00    1208  300000
 33  298792      00    1208  300000
 34  298792      00    1208  300000
 35  298792      00    1208  300000
 36  298792      00    1208  300000
 37  298792      00    1208  300000
 38  298792      00    1208  300000
 39  298792      00    1208  300000
 40  298792      00    1208  300000
 41  298792      00    1208  300000
 42  298792      00    1208  300000
 43  298792      00    1208  300000
 44  298792      00    1208  300000
 45  298792      00    1208  300000
 46  298792      00    1208  300000
 47  298792      00    1208  300000
 48  298792      00    1208  300000
 49  298792      00    1208  300000
 50  298792      00    1208  300000
 51  298792      00    1208  300000
 52  298792      00    1208  300000
 53  298792      00    1208  300000
 54  298792      00    1208  300000
 55  298792      00    1208  300000
 56  298792      00    1208  300000
 57  298792      00    1208  300000
 58  298792      00    1208  300000
 59  298792      00    1208  300000
 60  298792      00    1208  300000
 61  298792      00    1208  300000
 62  298792      00    1208  300000
 63  298792      00    1208  300000
 64  298792      00    1208  300000
 65  298792      00    1208  300000
 66  298792      00    1208  300000
 67  298792      00    1208  300000
 68  298792      00    1208  300000
 69  298792      00    1208  300000
 70  298792      00    1208  300000
 71  298792      00    1208  300000
 72  298792      00    1208  300000
 73  298792      00    1208  300000
 74  298792      00    1208  300000
 75  298792      00    1208  300000
 76  298792      00    1208  300000
 77  298792      00    1208  300000
 78  298792      00    1208  300000
 79  298792      00    1208  300000
 80  298792      00    1208  300000
 81  298792      00    1208  300000
 82  298792      00    1208  300000
 83  298792      00    1208  300000
 84  298792      00    1208  300000
 85  298792      00    1208  300000
 86  298792      00    1208  300000
 87  298792      00    1208  300000
 88  298792      00    1208  300000
 89  298792      00    1208  300000
 90  298792      00    1208  300000
 91  298792      00    1208  300000
 92  298792      00    1208  300000
 93  298792      00    1208  300000
 94  298792      00    1208  300000
 95  298792      00    1208  300000
 96  298792      00    1208  300000
 97  298792      00    1208  300000
 98  298792      00    1208  300000
 99  298792      00    1208  300000
100  298792      00    1208  300000
101  298792      00    1208  300000
102  298792      00    1208  300000
103  298792      00    1208  300000
104  298792      00    1208  300000
105  298792      00    1208  300000
106  298792      00    1208  300000
107  298792      00    1208  300000
108  298792      00    1208  300000
109  298792      00    1208  300000
110  298792      00    1208  300000
111  298792      00    1208  300000
112  298792      00    1208  300000
113  298792      00    1208  300000
114  298792      00    1208  300000
115  298792      00    1208  300000
116  298792      00    1208  300000
117  298792      00    1208  300000
118  298792      00    1208  300000
119  298792      00    1208  300000
120  298792      00    1208  300000
121  298792      00    1208  300000
122  298792      00    1208  300000
123  298792      00    1208  300000
124  298792      00    1208  300000
125  298792      00    1208  300000
126  298792      00    1208  300000
127  298792      00    1208  300000
128  298792      00    1208  300000
129  298792      00    1208  300000
130  298792      00    1208  300000
131  298792      00    1208  300000
132  298792      00    1208  300000
133  298792      00    1208  300000
134  298792      00    1208  300000
135  298792      00    1208  300000
136  298792      00    1208  300000
137  298792      00    1208  300000
138  298792      00    1208  300000
139  298792      00    1208  300000
140  298792      00    1208  300000
141  298792      00    1208  300000
142  298792      00    1208  300000
143  298792      00    1208  300000
144  298792      00    1208  300000
145  298792      00    1208  300000
146  298792      00    1208  300000
147  298792      00    1208  300000
148  298792      00    1208  300000
149  298792      00    1208  300000
150  298792      00    1208  300000
151  298792      00    1208  300000
152  298792      00    1208  300000
153  298792      00    1208  300000
154  298792      00    1208  300000
155  298792      00    1208  300000
156  298792      00    1208  300000
157  298792      00    1208  300000
158  298792      00    1208  300000
159  298792      00    1208  300000
160  298792      00    1208  300000
161  298792      00    1208  300000
162  298792      00    1208  300000
163  298792      00    1208  300000
164  298792      00    1208  300000
165  298792      00    1208  300000
166  298792      00    1208  300000
167  298792      00    1208  300000
168  298792      00    1208  300000
169  298792      00    1208  300000
170  298792      00    1208  300000
171  298792      00    1208  300000
172  298792      00    1208  300000
173  298792      00    1208  300000
174  298792      00    1208  300000
175  298792      00    1208  300000
176  298792      00    1208  300000
177  298792      00    1208  300000
178  298792      00    1208  300000
179  298792      00    1208  300000
180  298792      00    1208  300000
181  298792      00    1208  300000
182  298792      00    1208  300000
183  298792      00    1208  300000
184  298792      00    1208  300000
185  298792      00    1208  300000
186  298792      00    1208  300000
187  298792      00    1208  300000
188  298792      00    1208  300000
189  298792      00    1208  300000
190  298792      00    1208  300000
191  298792      00    1208  300000
192  298792      00    1208  300000
193  298792      00    1208  300000
194  298792      00    1208  300000
195  298792      00    1208  300000
196  298792      00    1208  300000
197  298792      00    1208  300000
198  298792      00    1208  300000
199  298792      00    1208  300000
200  298792      00    1208  300000
