  0  299600     400      00  300000
  1  299431     511      58  300000
  2  299221     643     136  300000
  3  298954     810     236  300000
  4  298622    1019     359  300000
  5  298207    1277     516  300000
  6  297686    1603     711  300000
  7  297041    2004     955  300000
  8  296244    2494    1262  300000
  9  295268    3091    1641  300000
 10  294088    3806    2106  300000
 11  292667    4654    2679  300000
 12  290969    5654    3377  300000
 13  288964    6815    4221  300000
 14  286624    8140    5236  300000
 15  283925    9632    6443  300000
 16  280843   11291    7866  300000
 17  277353   13116    9531  300000
 18  273449   15089   11462  300000
 19  269120   17197   13683  300000
 20  264361   19428   16211  300000
 21  259164   21776   19060  300000
 22  253532   24212   22256  300000
 23  247451   26743   25806  300000
 24  240934   29342   29724  300000
 25  233968   32007   34025  300000
 26  226551   34737   38712  300000
 27  218680   37528   43792  300000
 28  210351   40366   49283  300000
 29  201571   43248   55181  300000
 30  192330   46165   61505  300000
 31  182648   49104   68248  300000
 32  172551   52029   75420  300000
 33  162105   54882   83013  300000
 34  151376   57592   91032  300000
 35  140469   60097   99434  300000
 36  129513   62291  108196  300000
 37  118662   64063  117275  300000
 38  108058   65325  126617  300000
 39   97843   66016  136141  300000
 40   88128   66111  145761  300000
 41   78995   65611  155394  300000
 42   70511   64529  164960  300000
 43   62699   62931  174370  300000
 44   55605   60849  183546  300000
 45   49231   58355  192414  300000
 46   43598   55480  200922  300000
 47   38688   52292  209020  300000
 48   34482   48870  216648  300000
 49   30932   45279  223789  300000
 50   27995   41610  230395  300000
 51   25572   37951  236477  300000
 52   23605   34366  242029  300000
 53   22008   30933  247059  300000
 54   20708   27700  251592  300000
 55   19649   24688  255663  300000
 56   18777   21927  259296  300000
 57   18073   19401  262526  300000
 58   17490   17122  265388  300000
 59   17015   15063  267922  300000
 60   16623   13221  270156  300000
 61   16305   11572  272123  300000
 62   16037   10111  273852  300000
 63   15816    8813  275371  300000
 64   15637    7664  276699  300000
 65   15489    6652  277859  300000
 66   15371    5758  278871  300000
 67   15272    4973  279755  300000
 68   15193    4276  280531  300000
 69   15131    3668  281201  300000
 70   15086    3138  281776  300000
 71   15051    2667  282282  300000
 72   15024    2260  282716  300000
 73   15001    1913  283086  300000
 74   14988    1606  283406  300000
 75   14977    1341  283682  300000
 76   14969    1115  283916  300000
 77   14965     916  284119  300000
 78   14964     746  284290  300000
 79   14964     602  284434  300000
 80   14964     483  284553  300000
 81   14964     381  284655  300000
 82   14964     295  284741  300000
 83   14964     225  284811  300000
 84   14964     170  284866  300000
 85   14964     128  284908  300000
 86   14964      94  284942  300000
 87   14964      67  284969  300000
 88   14964      44  284992  300000
 89   14964      30  285006  300000
 90   14964      19  285017  300000
 91   14964      11  285025  300000
 92   14964      05  285031  300000
 93   14964      01  285035  300000
 94   14964      00  285036  300000
 95   14964      00  285036  300000
 96   14964      00  285036  300000
 97   14964      00  285036  300000
 98   14964      00  285036  300000
 99   14964      00  285036  300000
100   14964      00  285036  300000
101   14964      00  285036  300000
102   14964      00  285036  300000
103   14964      00  285036  300000
104   14964      00  285036  300000
105   14964      00  285036  300000
106   14964      00  285036  300000
107   14964      00  285036  300000
108   14964      00  285036  300000
109   14964      00  285036  300000
110   14964      00  285036  300000
111   14964      00  285036  300000
112   14964      00  285036  300000
113   14964      00  285036  300000
114   14964      00  285036  300000
115   14964      00  285036  300000
116   14964      00  285036  300000
117   14964      00  285036  300000
118   14964      00  285036  300000
119   14964      00  285036  300000
120   14964      00  285036  300000
121   14964      00  285036  300000
122   14964      00  285036  300000
123   14964      00  285036  300000
124   14964      00  285036  300000
125   14964      00  285036  300000
126   14964      00  285036  300000
127   14964      00  285036  300000
128   14964      00  285036  300000
129   14964      00  285036  300000
130   14964      00  285036  300000
131   14964      00  285036  300000
132   14964      00  285036  300000
133   14964      00  285036  300000
134   14964      00  285036  300000
135   14964      00  285036  300000
136   14964      00  285036  300000
137   14964      00  285036  300000
138   14964      00  285036  300000
139   14964      00  285036  300000
140   14964      00  285036  300000
141   14964      00  285036  300000
142   14964      00  285036  300000
143   14964      00  285036  300000
144   14964      00  285036  300000
145   14964      00  285036  300000
146   14964      00  285036  300000
147   14964      00  285036  300000
148   14964      00  285036  300000
149   14964      00  285036  300000
150   14964      00  285036  300000
151   14964      00  285036  300000
152   14964      00  285036  300000
153   14964      00  285036  300000
154   14964      00  285036  300000
155   14964      00  285036  300000
156   14964      00  285036  300000
157   14964      00  285036  300000
158   14964      00  285036  300000
159   14964      00  285036  300000
160   14964      00  285036  300000
161   14964      00  285036  300000
162   14964      00  285036  300000
163   14964      00  285036  300000
164   14964      00  285036  300000
165   14964      00  285036  300000
166   14964      00  285036  300000
167   14964      00  285036  300000
168   14964      00  285036  300000
169   14964      00  285036  300000
170   14964      00  285036  300000
171   14964      00  285036  300000
172   14964      00  285036  300000
173   14964      00  285036  300000
174   14964      00  285036  300000
175   14964      00  285036  300000
176   14964      00  285036  300000
177   14964      00  285036  300000
178   14964      00  285036  300000
179   14964      00  285036  300000
180   14964      00  285036  300000
181   14964      00  285036  300000
182   14964      00  285036  300000
183   14964      00  285036  300000
184   14964      00  285036  300000
185   14964      00  285036  300000
186   14964      00  285036  300000
187   14964      00  285036  300000
188   14964      00  285036  300000
189   14964      00  285036  300000
190   14964      00  285036  300000
191   14964      00  285036  300000
192   14964      00  285036  300000
193   14964      00  285036  300000
194   14964      00  285036  300000
195   14964      00  285036  300000
196   14964      00  285036  300000
197   14964      00  285036  300000
198   14964      00  285036  300000
199   14964      00  285036  300000
200   14964      00  285036  300000
