  0 210146025     100      00 210146125
  1 210145989     120      16 210146125
  2 210145944     141      40 210146125
  3 210145891     167      67 210146125
  4 210145827     200      98 210146125
  5 210145747     241     137 210146125
  6 210145648     295     182 210146125
  7 210145525     364     236 210146125
  8 210145373     452     300 210146125
  9 210145179     565     381 210146125
 10 210144932     717     476 210146125
 11 210144619     912     594 210146125
 12 210144218    1167     740 210146125
 13 210143700    1501     924 210146125
 14 210143032    1937    1156 210146125
 15 210142167    2506    1452 210146125
 16 210141041    3252    1832 210146125
 17 210139574    4235    2316 210146125
 18 210137662    5520    2943 210146125
 19 210135165    7204    3756 210146125
 20 210131903    9407    4815 210146125
 21 210127636   12296    6193 210146125
 22 210122056   16081    7988 210146125
 23 210114755   21036   10334 210146125
 24 210105197   27529   13399 210146125
 25 210092685   36038   17402 210146125
 26 210076305   47181   22639 210146125
 27 210054858   61773   29494 210146125
 28 210026777   80884   38464 210146125
 29 209990008  105912   50205 210146125
 30 209941868  138681   65576 210146125
 31 209878846  181582   85697 210146125
 32 209796350  237735  112040 210146125
 33 209688380  311218  146527 210146125
 34 209547107  407350  191668 210146125
 35 209362319  533057  250749 210146125
 36 209120723  697344  328058 210146125
 37 208805029  911912  429184 210146125
 38 208392823 1191880  561422 210146125
 39 207855133 1556734  734258 210146125
 40 207154672 2031456  959997 210146125
 41 206243704 2647850 1254571 210146125
 42 205061574 3446027 1638524 210146125
 43 203531958 4475957 2138210 210146125
 44 201560060 5798826 2787239 210146125
 45 199030203 7487841 3628081 210146125
 46 195804593 9627701 4713831 210146125
 47 191724547 12311720 6109858 210146125
 48 186615971 15635083 7895071 210146125
 49 180301492 19682460 10162173 210146125
 50 172621609 24508372 13016144 210146125
 51 163466202 30110052 16569871 210146125
 52 152814817 36395465 20935843 210146125
 53 140778687 43154237 26213201 210146125
 54 127630905 50044639 32470581 210146125
 55 113806866 56612190 39727069 210146125
 56 99861191 62349085 47935849 210146125
 57 86382889 66786756 56976480 210146125
 58 73892489 69593062 66660574 210146125
 59 62757953 70636591 76751581 210146125
 60 53158527 69993696 86993902 210146125
 61 45100850 67902275 97143000 210146125
 62 38468491 64688787 106988847 210146125
 63 33079041 60698349 116368735 210146125
 64 28730501 56245615 125170009 210146125
 65 25230702 51589785 133325638 210146125
 66 22411682 46928273 140806170 210146125
 67 20133939 42401399 147610787 210146125
 68 18285119 38102002 153759004 210146125
 69 16776359 34085957 159283809 210146125
 70 15538027 30381814 164226284 210146125
 71 14515761 26998707 168631657 210146125
 72 13667116 23932525 172546484 210146125
 73 12958845 21170567 176016713 210146125
 74 12364792 18694873 179086460 210146125
 75 11864266 16484630 181797229 210146125
 76 11440789 14517823 184187513 210146125
 77 11081152 12772362 186292611 210146125
 78 10774709 11226799 188144617 210146125
 79 10512800 9860804 189772521 210146125
 80 10288352 8655422 191202351 210146125
 81 10095553 7593172 192457400 210146125
 82 9929589 6658113 193558423 210146125
 83 9786455 5835806 194523864 210146125
 84 9662809 5113247 195370069 210146125
 85 9555845 4478776 196111504 210146125
 86 9463190 3921992 196760943 210146125
 87 9382844 3433637 197329644 210146125
 88 9313102 3005487 197827536 210146125
 89 9252513 2630267 198263345 210146125
 90 9199834 2301542 198644749 210146125
 91 9154002 2013635 198978488 210146125
 92 9114106 1761543 199270476 210146125
 93 9079359 1540850 199525916 210146125
 94 9049081 1347691 199749353 210146125
 95 9022691 1178652 199944782 210146125
 96 8999680 1030746 200115699 210146125
 97 8979612  901340 200265173 210146125
 98 8962101  788142 200395882 210146125
 99 8946822  689128 200510175 210146125
100 8933489  602523 200610113 210146125
101 8921849  526783 200697493 210146125
102 8911687  460545 200773893 210146125
103 8902812  402629 200840684 210146125
104 8895064  351981 200899080 210146125
105 8888301  307692 200950132 210146125
106 8882394  268972 200994759 210146125
107 8877234  235116 201033775 210146125
108 8872727  205517 201067881 210146125
109 8868794  179639 201097692 210146125
110 8865359  157014 201123752 210146125
111 8862359  137231 201146535 210146125
112 8859738  119941 201166446 210146125
113 8857452  104821 201183852 210146125
114 8855455   91606 201199064 210146125
115 8853712   80053 201212360 210146125
116 8852192   69954 201223979 210146125
117 8850865   61125 201234135 210146125
118 8849710   53404 201243011 210146125
119 8848699   46659 201250767 210146125
120 8847817   40765 201257543 210146125
121 8847049   35608 201263468 210146125
122 8846382   31097 201268646 210146125
123 8845799   27160 201273166 210146125
124 8845293   23712 201277120 210146125
125 8844855   20698 201280572 210146125
126 8844470   18066 201283589 210146125
127 8844139   15766 201286220 210146125
128 8843851   13752 201288522 210146125
129 8843600   11996 201290529 210146125
130 8843385   10456 201292284 210146125
131 8843198    9112 201293815 210146125
132 8843039    7937 201295149 210146125
133 8842901    6913 201296311 210146125
134 8842780    6021 201297324 210146125
135 8842678    5238 201298209 210146125
136 8842591    4550 201298984 210146125
137 8842518    3951 201299656 210146125
138 8842452    3431 201300242 210146125
139 8842399    2973 201300753 210146125
140 8842357    2570 201301198 210146125
141 8842322    2216 201301587 210146125
142 8842294    1911 201301920 210146125
143 8842268    1649 201302208 210146125
144 8842247    1417 201302461 210146125
145 8842232    1215 201302678 210146125
146 8842219    1041 201302865 210146125
147 8842209     889 201303027 210146125
148 8842201     755 201303169 210146125
149 8842196     636 201303293 210146125
150 8842191     538 201303396 210146125
151 8842188     452 201303485 210146125
152 8842186     378 201303561 210146125
153 8842185     312 201303628 210146125
154 8842184     255 201303686 210146125
155 8842183     208 201303734 210146125
156 8842182     170 201303773 210146125
157 8842182     139 201303804 210146125
158 8842182     113 201303830 210146125
159 8842182      89 201303854 210146125
160 8842182      68 201303875 210146125
161 8842182      53 201303890 210146125
162 8842182      41 201303902 210146125
163 8842182      31 201303912 210146125
164 8842182      23 201303920 210146125
165 8842182      17 201303926 210146125
166 8842182      13 201303930 210146125
167 8842182      09 201303934 210146125
168 8842182      06 201303937 210146125
169 8842182      05 201303938 210146125
170 8842182      04 201303939 210146125
171 8842182      03 201303940 210146125
172 8842182      02 201303941 210146125
173 8842182      01 201303942 210146125
174 8842182      00 201303943 210146125
175 8842182      00 201303943 210146125
176 8842182      00 201303943 210146125
177 8842182      00 201303943 210146125
178 8842182      00 201303943 210146125
179 8842182      00 201303943 210146125
180 8842182      00 201303943 210146125
181 8842182      00 201303943 210146125
182 8842182      00 201303943 210146125
183 8842182      00 201303943 210146125
184 8842182      00 201303943 210146125
185 8842182      00 201303943 210146125
186 8842182      00 201303943 210146125
187 8842182      00 201303943 210146125
188 8842182      00 201303943 210146125
189 8842182      00 201303943 210146125
190 8842182      00 201303943 210146125
191 8842182      00 201303943 210146125
192 8842182      00 201303943 210146125
193 8842182      00 201303943 210146125
194 8842182      00 201303943 210146125
195 8842182      00 201303943 210146125
196 8842182      00 201303943 210146125
197 8842182      00 201303943 210146125
198 8842182      00 201303943 210146125
199 8842182      00 201303943 210146125
200 8842182      00 201303943 210146125
