  0  299000    1000      00  300000
  1  298697    1158     145  300000
  2  298395    1236     369  300000
  3  298188    1236     576  300000
  4  297981    1250     769  300000
  5  297765    1187    1048  300000
  6  297553    1129    1318  300000
  7  297342    1078    1580  300000
  8  297041    1125    1834  300000
  9  296641    1278    2081  300000
 10  296143    1536    2321  300000
 11  295642    1802    2556  300000
 12  295142    1973    2885  300000
 13  294736    2054    3210  300000
 14  294429    2038    3533  300000
 15  294123    2024    3853  300000
 16  293818    2011    4171  300000
 17  293414    2099    4487  300000
 18  292911    2287    4802  300000
 19  292112    2674    5214  300000
 20  291016    3359    5625  300000
 21  289919    3947    6134  300000
 22  288921    4338    6741  300000
 23  288023    4531    7446  300000
 24  287324    4525    8151  300000
 25  286626    4519    8855  300000
 26  285928    4514    9558  300000
 27  285031    4709   10260  300000
 28  283835    5203   10962  300000
 29  282042    6196   11762  300000
 30  279452    7886   12662  300000
 31  276862    9278   13860  300000
 32  274472   10271   15257  300000
 33  272481   10766   16753  300000
 34  270690   10962   18348  300000
 35  269098   10959   19943  300000
 36  267407   11055   21538  300000
 37  265218   11551   23231  300000
 38  262331   12745   24924  300000
 39  258344   14840   26816  300000
 40  252565   18428   29007  300000
 41  246885   21418   31697  300000
 42  241901   23214   34885  300000
 43  237713   24014   38273  300000
 44  234230   24009   41761  300000
 45  231146   23606   45248  300000
 46  227864   23402   48734  300000
 47  223975   23806   52219  300000
 48  218992   25302   55706  300000
 49  212316   28292   59392  300000
 50  203250   33174   63576  300000
 51  195080   36462   68458  300000
 52  188305   37857   73838  300000
 53  183129   37454   79417  300000
 54  179042   36062   84896  300000
 55  175553   34271   90176  300000
 56  172063   32779   95158  300000
 57  168076   31983   99941  300000
 58  163097   32279  104624  300000
 59  156820   33873  109307  300000
 60  148850   36862  114288  300000
 61  142275   38057  119668  300000
 62  137294   37459  125247  300000
 63  133612   35661  130727  300000
 64  130920   33173  135907  300000
 65  128726   30486  140788  300000
 66  126532   28197  145271  300000
 67  124040   26504  149456  300000
 68  121054   25604  153342  300000
 69  117368   25504  157128  300000
 70  112885   26201  160914  300000
 71  109398   25803  164799  300000
 72  106906   24509  168585  300000
 73  105111   22717  172172  300000
 74  103818   20622  175560  300000
 75  102824   18528  178648  300000
 76  101829   16833  181338  300000
 77  100735   15437  183828  300000
 78   99342   14539  186119  300000
 79   97648   14042  188310  300000
 80   95655   13943  190402  300000
 81   94159   13347  192494  300000
 82   93064   12450  194486  300000
 83   92367   11255  196378  300000
 84   91870   10059  198071  300000
 85   91472    8963  199565  300000
 86   91075    7966  200959  300000
 87   90677    7169  202154  300000
 88   90179    6572  203249  300000
 89   89482    6273  204245  300000
 90   88685    6074  205241  300000
 91   88088    5774  206138  300000
 92   87690    5276  207034  300000
 93   87392    4777  207831  300000
 94   87194    4278  208528  300000
 95   87095    3680  209225  300000
 96   86996    3182  209822  300000
 97   86897    2783  210320  300000
 98   86698    2485  210817  300000
 99   86499    2286  211215  300000
100   86201    2186  211613  300000
101   86002    1987  212011  300000
102   85903    1787  212310  300000
103   85804    1588  212608  300000
104   85804    1290  212906  300000
105   85804    1091  213105  300000
106   85804     892  213304  300000
107   85804     693  213503  300000
108   85804     495  213701  300000
109   85804     396  213800  300000
110   85804     297  213899  300000
111   85804     198  213998  300000
112   85804      99  214097  300000
113   85804      00  214196  300000
114   85804      00  214196  300000
115   85804      00  214196  300000
116   85804      00  214196  300000
117   85804      00  214196  300000
118   85804      00  214196  300000
119   85804      00  214196  300000
120   85804      00  214196  300000
121   85804      00  214196  300000
122   85804      00  214196  300000
123   85804      00  214196  300000
124   85804      00  214196  300000
125   85804      00  214196  300000
126   85804      00  214196  300000
127   85804      00  214196  300000
128   85804      00  214196  300000
129   85804      00  214196  300000
130   85804      00  214196  300000
131   85804      00  214196  300000
132   85804      00  214196  300000
133   85804      00  214196  300000
134   85804      00  214196  300000
135   85804      00  214196  300000
136   85804      00  214196  300000
137   85804      00  214196  300000
138   85804      00  214196  300000
139   85804      00  214196  300000
140   85804      00  214196  300000
141   85804      00  214196  300000
142   85804      00  214196  300000
143   85804      00  214196  300000
144   85804      00  214196  300000
145   85804      00  214196  300000
146   85804      00  214196  300000
147   85804      00  214196  300000
148   85804      00  214196  300000
149   85804      00  214196  300000
150   85804      00  214196  300000
151   85804      00  214196  300000
152   85804      00  214196  300000
153   85804      00  214196  300000
154   85804      00  214196  300000
155   85804      00  214196  300000
156   85804      00  214196  300000
157   85804      00  214196  300000
158   85804      00  214196  300000
159   85804      00  214196  300000
160   85804      00  214196  300000
161   85804      00  214196  300000
162   85804      00  214196  300000
163   85804      00  214196  300000
164   85804      00  214196  300000
165   85804      00  214196  300000
166   85804      00  214196  300000
167   85804      00  214196  300000
168   85804      00  214196  300000
169   85804      00  214196  300000
170   85804      00  214196  300000
171   85804      00  214196  300000
172   85804      00  214196  300000
173   85804      00  214196  300000
174   85804      00  214196  300000
175   85804      00  214196  300000
176   85804      00  214196  300000
177   85804      00  214196  300000
178   85804      00  214196  300000
179   85804      00  214196  300000
180   85804      00  214196  300000
181   85804      00  214196  300000
182   85804      00  214196  300000
183   85804      00  214196  300000
184   85804      00  214196  300000
185   85804      00  214196  300000
186   85804      00  214196  300000
187   85804      00  214196  300000
188   85804      00  214196  300000
189   85804      00  214196  300000
190   85804      00  214196  300000
191   85804      00  214196  300000
192   85804      00  214196  300000
193   85804      00  214196  300000
194   85804      00  214196  300000
195   85804      00  214196  300000
196   85804      00  214196  300000
197   85804      00  214196  300000
198   85804      00  214196  300000
199   85804      00  214196  300000
200   85804      00  214196  300000
