  0  299600     400      00  300000
  1  299465     477      58  300000
  2  299341     530     129  300000
  3  299235     557     208  300000
  4  299145     564     291  300000
  5  299063     563     374  300000
  6  298975     568     457  300000
  7  298866     593     541  300000
  8  298722     648     630  300000
  9  298521     752     727  300000
 10  298236     926     838  300000
 11  297961    1063     976  300000
 12  297720    1147    1133  300000
 13  297520    1178    1302  300000
 14  297356    1167    1477  300000
 15  297209    1141    1650  300000
 16  297057    1125    1818  300000
 17  296872    1145    1983  300000
 18  296632    1216    2152  300000
 19  296311    1357    2332  300000
 20  295870    1599    2531  300000
 21  295463    1771    2766  300000
 22  295118    1855    3027  300000
 23  294842    1858    3300  300000
 24  294622    1806    3572  300000
 25  294428    1734    3838  300000
 26  294228    1679    4093  300000
 27  293993    1666    4341  300000
 28  293693    1719    4588  300000
 29  293296    1861    4843  300000
 30  292765    2117    5118  300000
 31  292289    2281    5430  300000
 32  291894    2340    5766  300000
 33  291586    2303    6111  300000
 34  291341    2209    6450  300000
 35  291129    2096    6775  300000
 36  290911    2006    7083  300000
 37  290656    1966    7378  300000
 38  290329    2003    7668  300000
 39  289901    2134    7965  300000
 40  289333    2386    8281  300000
 41  288829    2539    8632  300000
 42  288414    2578    9008  300000
 43  288092    2521    9387  300000
 44  287837    2405    9758  300000
 45  287616    2270   10114  300000
 46  287390    2161   10449  300000
 47  287124    2106   10770  300000
 48  286789    2130   11081  300000
 49  286349    2255   11396  300000
 50  285763    2507   11730  300000
 51  285244    2656   12100  300000
 52  284822    2687   12491  300000
 53  284495    2617   12888  300000
 54  284238    2485   13277  300000
 55  284012    2344   13644  300000
 56  283783    2227   13990  300000
 57  283516    2164   14320  300000
 58  283177    2183   14640  300000
 59  282729    2306   14965  300000
 60  282135    2558   15307  300000
 61  281611    2705   15684  300000
 62  281185    2733   16082  300000
 63  280857    2658   16485  300000
 64  280599    2521   16880  300000
 65  280373    2373   17254  300000
 66  280146    2249   17605  300000
 67  279874    2188   17938  300000
 68  279529    2208   18263  300000
 69  279081    2327   18592  300000
 70  278485    2577   18938  300000
 71  277959    2722   19319  300000
 72  277532    2745   19723  300000
 73  277201    2667   20132  300000
 74  276943    2529   20528  300000
 75  276718    2378   20904  300000
 76  276487    2255   21258  300000
 77  276217    2189   21594  300000
 78  275876    2204   21920  300000
 79  275427    2325   22248  300000
 80  274831    2575   22594  300000
 81  274305    2719   22976  300000
 82  273878    2743   23379  300000
 83  273548    2666   23786  300000
 84  273287    2530   24183  300000
 85  273061    2382   24557  300000
 86  272830    2260   24910  300000
 87  272561    2192   25247  300000
 88  272219    2208   25573  300000
 89  271767    2329   25904  300000
 90  271170    2582   26248  300000
 91  270643    2727   26630  300000
 92  270214    2752   27034  300000
 93  269884    2674   27442  300000
 94  269625    2536   27839  300000
 95  269401    2385   28214  300000
 96  269171    2260   28569  300000
 97  268900    2194   28906  300000
 98  268556    2212   29232  300000
 99  268106    2332   29562  300000
100  267509    2582   29909  300000
101  266981    2725   30294  300000
102  266550    2752   30698  300000
103  266216    2680   31104  300000
104  265956    2545   31499  300000
105  265730    2394   31876  300000
106  265498    2271   32231  300000
107  265226    2204   32570  300000
108  264881    2221   32898  300000
109  264428    2343   33229  300000
110  263828    2594   33578  300000
111  263299    2739   33962  300000
112  262870    2761   34369  300000
113  262538    2682   34780  300000
114  262279    2544   35177  300000
115  262053    2393   35554  300000
116  261821    2269   35910  300000
117  261551    2201   36248  300000
118  261209    2215   36576  300000
119  260759    2335   36906  300000
120  260163    2583   37254  300000
121  259638    2727   37635  300000
122  259210    2750   38040  300000
123  258880    2673   38447  300000
124  258618    2537   38845  300000
125  258394    2383   39223  300000
126  258165    2260   39575  300000
127  257898    2190   39912  300000
128  257556    2207   40237  300000
129  257106    2328   40566  300000
130  256509    2578   40913  300000
131  255984    2720   41296  300000
132  255558    2743   41699  300000
133  255228    2668   42104  300000
134  254970    2531   42499  300000
135  254745    2380   42875  300000
136  254515    2257   43228  300000
137  254244    2192   43564  300000
138  253899    2211   43890  300000
139  253447    2335   44218  300000
140  252848    2585   44567  300000
141  252322    2725   44953  300000
142  251893    2750   45357  300000
143  251559    2674   45767  300000
144  251300    2537   46163  300000
145  251075    2385   46540  300000
146  250844    2261   46895  300000
147  250575    2194   47231  300000
148  250232    2211   47557  300000
149  249782    2331   47887  300000
150  249181    2584   48235  300000
151  248653    2730   48617  300000
152  248224    2755   49021  300000
153  247891    2679   49430  300000
154  247629    2542   49829  300000
155  247402    2393   50205  300000
156  247170    2268   50562  300000
157  246901    2198   50901  300000
158  246561    2210   51229  300000
159  246109    2331   51560  300000
160  245512    2583   51905  300000
161  244985    2728   52287  300000
162  244556    2754   52690  300000
163  244225    2678   53097  300000
164  243964    2542   53494  300000
165  243739    2389   53872  300000
166  243508    2264   54228  300000
167  243234    2200   54566  300000
168  242889    2219   54892  300000
169  242438    2340   55222  300000
170  241838    2592   55570  300000
171  241307    2736   55957  300000
172  240876    2762   56362  300000
173  240542    2688   56770  300000
174  240281    2553   57166  300000
175  240053    2404   57543  300000
176  239820    2279   57901  300000
177  239546    2211   58243  300000
178  239201    2227   58572  300000
179  238748    2349   58903  300000
180  238147    2600   59253  300000
181  237617    2744   59639  300000
182  237187    2766   60047  300000
183  236855    2687   60458  300000
184  236596    2548   60856  300000
185  236370    2397   61233  300000
186  236138    2273   61589  300000
187  235867    2205   61928  300000
188  235524    2219   62257  300000
189  235073    2339   62588  300000
190  234474    2590   62936  300000
191  233947    2736   63317  300000
192  233518    2760   63722  300000
193  233187    2682   64131  300000
194  232925    2545   64530  300000
195  232701    2391   64908  300000
196  232472    2265   65263  300000
197  232205    2195   65600  300000
198  231863    2211   65926  300000
199  231413    2331   66256  300000
200  230816    2580   66604  300000
