  0  299600     400      00  300000
  1  299462     480      58  300000
  2  299335     535     130  300000
  3  299226     563     211  300000
  4  299133     570     297  300000
  5  299047     569     384  300000
  6  298954     574     472  300000
  7  298840     601     559  300000
  8  298689     661     650  300000
  9  298474     776     750  300000
 10  298159     974     867  300000
 11  297844    1140    1016  300000
 12  297561    1250    1189  300000
 13  297323    1303    1374  300000
 14  297125    1307    1568  300000
 15  296940    1297    1763  300000
 16  296746    1298    1956  300000
 17  296509    1340    2151  300000
 18  296195    1454    2351  300000
 19  295764    1666    2570  300000
 20  295153    2031    2816  300000
 21  294570    2311    3119  300000
 22  294063    2476    3461  300000
 23  293646    2529    3825  300000
 24  293305    2495    4200  300000
 25  292998    2433    4569  300000
 26  292679    2390    4931  300000
 27  292293    2420    5287  300000
 28  291801    2553    5646  300000
 29  291134    2841    6025  300000
 30  290220    3334    6446  300000
 31  289381    3682    6937  300000
 32  288673    3850    7477  300000
 33  288111    3845    8044  300000
 34  287663    3726    8611  300000
 35  287265    3574    9161  300000
 36  286854    3456    9690  300000
 37  286370    3428   10202  300000
 38  285754    3536   10710  300000
 39  284939    3826   11235  300000
 40  283848    4353   11799  300000
 41  282872    4688   12440  300000
 42  282065    4806   13129  300000
 43  281434    4730   13836  300000
 44  280935    4532   14533  300000
 45  280499    4298   15203  300000
 46  280051    4110   15839  300000
 47  279532    4020   16448  300000
 48  278870    4086   17044  300000
 49  277998    4355   17647  300000
 50  276838    4871   18291  300000
 51  275811    5180   19009  300000
 52  274971    5252   19777  300000
 53  274319    5131   20550  300000
 54  273803    4890   21307  300000
 55  273356    4615   22029  300000
 56  272901    4390   22709  300000
 57  272368    4270   23362  300000
 58  271688    4316   23996  300000
 59  270800    4569   24631  300000
 60  269618    5075   25307  300000
 61  268572    5375   26053  300000
 62  267719    5432   26849  300000
 63  267058    5292   27650  300000
 64  266542    5026   28432  300000
 65  266090    4737   29173  300000
 66  265630    4494   29876  300000
 67  265094    4362   30544  300000
 68  264411    4398   31191  300000
 69  263514    4640   31846  300000
 70  262324    5141   32535  300000
 71  261279    5423   33298  300000
 72  260427    5475   34098  300000
 73  259764    5332   34904  300000
 74  259249    5059   35692  300000
 75  258799    4756   36445  300000
 76  258341    4507   37152  300000
 77  257803    4375   37822  300000
 78  257116    4412   38472  300000
 79  256217    4655   39128  300000
 80  255028    5150   39822  300000
 81  253981    5431   40588  300000
 82  253131    5479   41390  300000
 83  252467    5332   42201  300000
 84  251949    5057   42994  300000
 85  251497    4756   43747  300000
 86  251035    4513   44452  300000
 87  250495    4374   45131  300000
 88  249811    4406   45783  300000
 89  248913    4648   46439  300000
 90  247715    5152   47133  300000
 91  246665    5440   47895  300000
 92  245807    5492   48701  300000
 93  245143    5344   49513  300000
 94  244625    5066   50309  300000
 95  244175    4758   51067  300000
 96  243713    4514   51773  300000
 97  243173    4380   52447  300000
 98  242487    4418   53095  300000
 99  241585    4660   53755  300000
100  240385    5162   54453  300000
101  239329    5454   55217  300000
102  238465    5512   56023  300000
103  237801    5364   56835  300000
104  237279    5092   57629  300000
105  236829    4786   58385  300000
106  236367    4538   59095  300000
107  235823    4410   59767  300000
108  235131    4442   60427  300000
109  234231    4680   61089  300000
110  233033    5180   61787  300000
111  231975    5470   62555  300000
112  231115    5520   63365  300000
113  230451    5364   64185  300000
114  229929    5088   64983  300000
115  229477    4782   65741  300000
116  229013    4534   66453  300000
117  228477    4396   67127  300000
118  227791    4428   67781  300000
119  226893    4668   68439  300000
120  225701    5170   69129  300000
121  224645    5460   69895  300000
122  223787    5510   70703  300000
123  223123    5356   71521  300000
124  222601    5084   72315  300000
125  222149    4778   73073  300000
126  221691    4526   73783  300000
127  221153    4390   74457  300000
128  220465    4428   75107  300000
129  219563    4670   75767  300000
130  218367    5172   76461  300000
131  217313    5460   77227  300000
132  216453    5510   78037  300000
133  215791    5356   78853  300000
134  215267    5086   79647  300000
135  214817    4778   80405  300000
136  214355    4528   81117  300000
137  213817    4394   81789  300000
138  213129    4428   82443  300000
139  212225    4670   83105  300000
140  211027    5174   83799  300000
141  209969    5462   84569  300000
142  209111    5512   85377  300000
143  208445    5364   86191  300000
144  207925    5090   86985  300000
145  207473    4790   87737  300000
146  207013    4540   88447  300000
147  206469    4408   89123  300000
148  205781    4438   89781  300000
149  204879    4676   90445  300000
150  203681    5178   91141  300000
151  202625    5466   91909  300000
152  201769    5512   92719  300000
153  201101    5358   93541  300000
154  200579    5088   94333  300000
155  200125    4788   95087  300000
156  199659    4546   95795  300000
157  199119    4408   96473  300000
158  198433    4438   97129  300000
159  197529    4680   97791  300000
160  196327    5188   98485  300000
161  195271    5476   99253  300000
162  194407    5528  100065  300000
163  193743    5374  100883  300000
164  193219    5102  101679  300000
165  192765    4798  102437  300000
166  192301    4548  103151  300000
167  191755    4414  103831  300000
168  191067    4446  104487  300000
169  190163    4688  105149  300000
170  188961    5190  105849  300000
171  187903    5482  106615  300000
172  187039    5534  107427  300000
173  186373    5380  108247  300000
174  185851    5104  109045  300000
175  185401    4796  109803  300000
176  184941    4544  110515  300000
177  184395    4416  111189  300000
178  183703    4448  111849  300000
179  182803    4686  112511  300000
180  181605    5186  113209  300000
181  180549    5470  113981  300000
182  179689    5520  114791  300000
183  179025    5364  115611  300000
184  178503    5088  116409  300000
185  178051    4782  117167  300000
186  177587    4534  117879  300000
187  177051    4396  118553  300000
188  176367    4424  119209  300000
189  175469    4664  119867  300000
190  174279    5164  120557  300000
191  173229    5448  121323  300000
192  172373    5496  122131  300000
193  171711    5340  122949  300000
194  171189    5074  123737  300000
195  170739    4766  124495  300000
196  170281    4516  125203  300000
197  169743    4380  125877  300000
198  169055    4420  126525  300000
199  168155    4662  127183  300000
200  166959    5164  127877  300000
