  0  299600     400      00  300000
  1  299463     479      58  300000
  2  299338     530     132  300000
  3  299232     554     214  300000
  4  299141     559     300  300000
  5  299058     555     387  300000
  6  298969     559     472  300000
  7  298861     581     558  300000
  8  298711     640     649  300000
  9  298502     750     748  300000
 10  298200     934     866  300000
 11  297897    1094    1009  300000
 12  297622    1200    1178  300000
 13  297390    1249    1361  300000
 14  297195    1251    1554  300000
 15  297018    1237    1745  300000
 16  296828    1236    1936  300000
 17  296598    1276    2126  300000
 18  296292    1383    2325  300000
 19  295866    1597    2537  300000
 20  295249    1973    2778  300000
 21  294638    2281    3081  300000
 22  294098    2476    3426  300000
 23  293643    2557    3800  300000
 24  293266    2544    4190  300000
 25  292924    2499    4577  300000
 26  292565    2481    4954  300000
 27  292132    2541    5327  300000
 28  291558    2729    5713  300000
 29  290765    3112    6123  300000
 30  289642    3763    6595  300000
 31  288563    4274    7163  300000
 32  287623    4574    7803  300000
 33  286847    4667    8486  300000
 34  286207    4609    9184  300000
 35  285636    4494    9870  300000
 36  285035    4421   10544  300000
 37  284314    4476   11210  300000
 38  283372    4754   11874  300000
 39  282085    5331   12584  300000
 40  280289    6329   13382  300000
 41  278592    7084   14324  300000
 42  277132    7489   15379  300000
 43  275952    7554   16494  300000
 44  274998    7383   17619  300000
 45  274143    7141   18716  300000
 46  273255    6964   19781  300000
 47  272186    6999   20815  300000
 48  270793    7347   21860  300000
 49  268911    8133   22956  300000
 50  266330    9501   24169  300000
 51  263924   10492   25584  300000
 52  261881   10969   27150  300000
 53  260238   10988   28774  300000
 54  258916   10674   30410  300000
 55  257752   10243   32005  300000
 56  256536    9936   33528  300000
 57  255091    9898   35011  300000
 58  253221   10299   36480  300000
 59  250707   11282   38011  300000
 60  247275   13033   39692  300000
 61  244120   14257   41623  300000
 62  241455   14806   43739  300000
 63  239329   14740   45931  300000
 64  237623   14268   48109  300000
 65  236115   13661   50224  300000
 66  234551   13200   52249  300000
 67  232689   13110   54201  300000
 68  230292   13559   56149  300000
 69  227087   14748   58165  300000
 70  222718   16932   60350  300000
 71  218730   18417   62853  300000
 72  215384   19045   65571  300000
 73  212728   18891   68381  300000
 74  210598   18239   71163  300000
 75  208727   17415   73858  300000
 76  206789   16780   76431  300000
 77  204489   16592   78919  300000
 78  201544   17078   81378  300000
 79  197645   18446   83909  300000
 80  192389   20982   86629  300000
 81  187658   22620   89722  300000
 82  183757   23193   93050  300000
 83  180706   22827   96467  300000
 84  178294   21879   99827  300000
 85  176187   20759  103054  300000
 86  174035   19855  106110  300000
 87  171526   19434  109040  300000
 88  168361   19729  111910  300000
 89  164236   20942  114822  300000
 90  158808   23288  117904  300000
 91  154094   24570  121336  300000
 92  150323   24731  124946  300000
 93  147444   23975  128581  300000
 94  145229   22667  132104  300000
 95  143326   21234  135440  300000
 96  141410   20019  138571  300000
 97  139204   19273  141523  300000
 98  136449   19178  144373  300000
 99  132934   19859  147207  300000
100  128424   21449  150127  300000
101  124634   22077  153289  300000
102  121694   21763  156543  300000
103  119519   20734  159747  300000
104  117875   19319  162806  300000
105  116497   17846  165657  300000
106  115129   16575  168296  300000
107  113565   15687  170748  300000
108  111653   15277  173070  300000
109  109253   15415  175332  300000
110  106249   16140  177611  300000
111  103842   16167  179991  300000
112  102049   15568  182383  300000
113  100771   14538  184691  300000
114   99842   13316  186842  300000
115   99080   12105  188815  300000
116   98336   11049  190615  300000
117   97499   10241  192260  300000
118   96493    9720  193787  300000
119   95245    9507  195248  300000
120   93729    9602  196669  300000
121   92568    9332  198100  300000
122   91733    8763  199504  300000
123   91162    8018  200820  300000
124   90758    7224  202018  300000
125   90441    6453  203106  300000
126   90134    5782  204084  300000
127   89789    5247  204964  300000
128   89371    4868  205761  300000
129   88853    4640  206507  300000
130   88232    4544  207224  300000
131   87774    4309  207917  300000
132   87456    3968  208576  300000
133   87249    3565  209186  300000
134   87113    3147  209740  300000
135   87008    2760  210232  300000
136   86912    2424  210664  300000
137   86801    2149  211050  300000
138   86670    1936  211394  300000
139   86500    1794  211706  300000
140   86292    1705  212003  300000
141   86149    1569  212282  300000
142   86057    1407  212536  300000
143   85999    1232  212769  300000
144   85966    1061  212973  300000
145   85938     905  213157  300000
146   85914     775  213311  300000
147   85886     672  213442  300000
148   85852     588  213560  300000
149   85811     526  213663  300000
150   85763     479  213758  300000
151   85729     426  213845  300000
152   85710     369  213921  300000
153   85702     306  213992  300000
154   85698     250  214052  300000
155   85697     205  214098  300000
156   85697     164  214139  300000
157   85696     131  214173  300000
158   85695     102  214203  300000
159   85692      81  214227  300000
160   85689      64  214247  300000
161   85689      47  214264  300000
162   85689      34  214277  300000
163   85689      25  214286  300000
164   85689      17  214294  300000
165   85689      11  214300  300000
166   85689      07  214304  300000
167   85689      04  214307  300000
168   85689      01  214310  300000
169   85689      00  214311  300000
170   85689      00  214311  300000
171   85689      00  214311  300000
172   85689      00  214311  300000
173   85689      00  214311  300000
174   85689      00  214311  300000
175   85689      00  214311  300000
176   85689      00  214311  300000
177   85689      00  214311  300000
178   85689      00  214311  300000
179   85689      00  214311  300000
180   85689      00  214311  300000
181   85689      00  214311  300000
182   85689      00  214311  300000
183   85689      00  214311  300000
184   85689      00  214311  300000
185   85689      00  214311  300000
186   85689      00  214311  300000
187   85689      00  214311  300000
188   85689      00  214311  300000
189   85689      00  214311  300000
190   85689      00  214311  300000
191   85689      00  214311  300000
192   85689      00  214311  300000
193   85689      00  214311  300000
194   85689      00  214311  300000
195   85689      00  214311  300000
196   85689      00  214311  300000
197   85689      00  214311  300000
198   85689      00  214311  300000
199   85689      00  214311  300000
200   85689      00  214311  300000
