  0 210146025     100      00 210146125
  1 210145994     115      16 210146125
  2 210145965     122      38 210146125
  3 210145941     124      60 210146125
  4 210145923     120      82 210146125
  5 210145907     115     103 210146125
  6 210145891     111     123 210146125
  7 210145872     110     143 210146125
  8 210145845     117     163 210146125
  9 210145809     132     184 210146125
 10 210145754     163     208 210146125
 11 210145700     187     238 210146125
 12 210145653     202     270 210146125
 13 210145616     203     306 210146125
 14 210145586     199     340 210146125
 15 210145559     194     372 210146125
 16 210145531     190     404 210146125
 17 210145496     193     436 210146125
 18 210145447     208     470 210146125
 19 210145378     240     507 210146125
 20 210145277     299     549 210146125
 21 210145172     352     601 210146125
 22 210145079     386     660 210146125
 23 210145001     399     725 210146125
 24 210144935     399     791 210146125
 25 210144876     394     855 210146125
 26 210144812     395     918 210146125
 27 210144733     412     980 210146125
 28 210144622     458    1045 210146125
 29 210144463     543    1119 210146125
 30 210144226     690    1209 210146125
 31 210143980     825    1320 210146125
 32 210143752     925    1448 210146125
 33 210143556     977    1592 210146125
 34 210143383     999    1743 210146125
 35 210143222    1005    1898 210146125
 36 210143044    1027    2054 210146125
 37 210142822    1088    2215 210146125
 38 210142519    1221    2385 210146125
 39 210142080    1474    2571 210146125
 40 210141420    1910    2795 210146125
 41 210140729    2313    3083 210146125
 42 210140075    2622    3428 210146125
 43 210139502    2806    3817 210146125
 44 210139000    2893    4232 210146125
 45 210138523    2942    4660 210146125
 46 210137995    3034    5096 210146125
 47 210137327    3253    5545 210146125
 48 210136405    3694    6026 210146125
 49 210135062    4493    6570 210146125
 50 210133028    5864    7233 210146125
 51 210130891    7143    8091 210146125
 52 210128855    8133    9137 210146125
 53 210127052    8748   10325 210146125
 54 210125468    9052   11605 210146125
 55 210123955    9244   12926 210146125
 56 210122281    9568   14276 210146125
 57 210120155   10296   15674 210146125
 58 210117216   11734   17175 210146125
 59 210112929   14309   18887 210146125
 60 210106433   18720   20972 210146125
 61 210099588   22842   23695 210146125
 62 210093058   26048   27019 210146125
 63 210087263   28057   30805 210146125
 64 210082163   29077   34885 210146125
 65 210077283   29730   39112 210146125
 66 210071878   30812   43435 210146125
 67 210065023   33189   47913 210146125
 68 210055537   37853   52735 210146125
 69 210041695   46194   58236 210146125
 70 210020721   60458   64946 210146125
 71 209998619   73782   73724 210146125
 72 209977532   84156   84437 210146125
 73 209958809   90665   96651 210146125
 74 209942324   93992  109809 210146125
 75 209926554   96120  123451 210146125
 76 209909087   99637  137401 210146125
 77 209886938  107327  151860 210146125
 78 209856305  122385  167435 210146125
 79 209811643  149288  185194 210146125
 80 209744026  195246  206853 210146125
 81 209672862  238085  235178 210146125
 82 209605065  271346  269714 210146125
 83 209544943  292111  309071 210146125
 84 209492072  302612  351441 210146125
 85 209441549  309241  395335 210146125
 86 209385652  320286  440187 210146125
 87 209314885  344598  486642 210146125
 88 209217184  392317  536624 210146125
 89 209075087  477516  593522 210146125
 90 208860672  622679  662774 210146125
 91 208636028  757019  753078 210146125
 92 208422966  860300  862859 210146125
 93 208234830  923678  987617 210146125
 94 208070029  954531 1121565 210146125
 95 207913133  973005 1259987 210146125
 96 207740215 1004823 1401087 210146125
 97 207522224 1077101 1546800 210146125
 98 207222822 1220309 1702994 210146125
 99 206790316 1475858 1879951 210146125
100 206143623 1908536 2093966 210146125
101 205474253 2301158 2370714 210146125
102 204846898 2594831 2704396 210146125
103 204299001 2766466 3080658 210146125
104 203823820 2840499 3481806 210146125
105 203375585 2876848 3893692 210146125
106 202886043 2949235 4310847 210146125
107 202274929 3132695 4738501 210146125
108 201445386 3507982 5192757 210146125
109 200264778 4179919 5701428 210146125
110 198533290 5305304 6307531 210146125
111 196785365 6283944 7076816 210146125
112 195185063 6973059 7988003 210146125
113 193816299 7330717 8999109 210146125
114 192650604 7433446 10062075 210146125
115 191568696 7437491 11139938 210146125
116 190405085 7522652 12218388 210146125
117 188975661 7861279 13309185 210146125
118 187071405 8625639 14449081 210146125
119 184424037 10022276 15699812 210146125
120 180655875 12337198 17153052 210146125
121 176997629 14206536 18941960 210146125
122 173768034 15376170 21001921 210146125
123 171094335 15820311 23231479 210146125
124 168881829 15738856 25525440 210146125
125 166880594 15457944 27807587 210146125
126 164780168 15316957 30049000 210146125
127 162265380 15610772 32269973 210146125
128 159015473 16597105 34533547 210146125
129 154668302 18537684 36940139 210146125
130 148782437 21735570 39628118 210146125
131 143440575 23925759 42779791 210146125
132 139012268 24884813 46249044 210146125
133 135545420 24743351 49857354 210146125
134 132810802 23890173 53445150 210146125
135 130435490 22801395 56909240 210146125
136 128028890 21901779 60215456 210146125
137 125244809 21510090 63391226 210146125
138 121782808 21853110 66510207 210146125
139 117362402 23104803 69678920 210146125
140 111703542 25413453 73029130 210146125
141 106937776 26494256 76714093 210146125
142 103226308 26364042 80555775 210146125
143 100462497 25305055 84378573 210146125
144 98364301 23734006 88047818 210146125
145 96591349 22065514 91489262 210146125
146 94829794 20627560 94688771 210146125
147 92824683 19641662 97679780 210146125
148 90374612 19243678 100527835 210146125
149 87312430 19515512 103318183 210146125
150 83490903 20507278 106147944 210146125
151 80397651 20626961 109121513 210146125
152 78065422 19968266 112112437 210146125
153 76373804 18764474 115007847 210146125
154 75115721 17301696 117728708 210146125
155 74068362 15840294 120237469 210146125
156 73038603 14573198 122534324 210146125
157 71877084 13621589 124647452 210146125
158 70473426 13050106 126622593 210146125
159 68745814 12885442 128514869 210146125
160 66633532 13129321 130383272 210146125
161 64984587 12874500 132287038 210146125
162 63781078 12211192 134153855 210146125
163 62932180 11289452 135924493 210146125
164 62314666 10269981 137561478 210146125
165 61808404 9287082 139050639 210146125
166 61315260 8433585 140397280 210146125
167 60762581 7763379 141620165 210146125
168 60099388 7300870 142745867 210146125
169 59290905 7050715 143804505 210146125
170 58314048 7005205 144826872 210146125
171 57570397 6733088 145842640 210146125
172 57038527 6288648 146818950 210146125
173 56669294 5746015 147730816 210146125
174 56403671 5178451 148564003 210146125
175 56187109 4644123 149314893 210146125
176 55976301 4181519 149988305 210146125
177 55739639 3811846 150594640 210146125
178 55455185 3543568 151147372 210146125
179 55108234 3376688 151661203 210146125
180 54689121 3306168 152150836 210146125
181 54372827 3143057 152630241 210146125
182 54148133 2911993 153085999 210146125
183 53992965 2644910 153508250 210146125
184 53881710 2372640 153891775 210146125
185 53791073 2119234 154235818 210146125
186 53702709 1900296 154543120 210146125
187 53603239 1724210 154818676 210146125
188 53483361 1594063 155068701 210146125
189 53336829 1509442 155299854 210146125
190 53159497 1467891 155518737 210146125
191 53026006 1388524 155731595 210146125
192 52931369 1281813 155932943 210146125
193 52866128 1161174 156118823 210146125
194 52819393 1039523 156287209 210146125
195 52781320  926850 156437955 210146125
196 52744164  829599 156572362 210146125
197 52702272  751189 156692664 210146125
198 52651707  692820 156801598 210146125
199 52589819  654233 156902073 210146125
200 52514834  634342 156996949 210146125
