  0 210146025     100      00 210146125
  1 210145996     113      16 210146125
  2 210145969     118      38 210146125
  3 210145950     114      61 210146125
  4 210145935     107      83 210146125
  5 210145921     101     103 210146125
  6 210145908      95     122 210146125
  7 210145894      91     140 210146125
  8 210145876      92     157 210146125
  9 210145850     101     174 210146125
 10 210145814     117     194 210146125
 11 210145780     128     217 210146125
 12 210145753     130     242 210146125
 13 210145732     125     268 210146125
 14 210145715     121     289 210146125
 15 210145702     114     309 210146125
 16 210145688     108     329 210146125
 17 210145673     104     348 210146125
 18 210145652     107     366 210146125
 19 210145622     118     385 210146125
 20 210145577     139     409 210146125
 21 210145534     152     439 210146125
 22 210145498     157     470 210146125
 23 210145470     154     501 210146125
 24 210145450     147     528 210146125
 25 210145431     140     554 210146125
 26 210145413     134     578 210146125
 27 210145390     135     600 210146125
 28 210145360     141     624 210146125
 29 210145316     159     650 210146125
 30 210145254     193     678 210146125
 31 210145191     221     713 210146125
 32 210145135     238     752 210146125
 33 210145087     244     794 210146125
 34 210145047     243     835 210146125
 35 210145011     237     877 210146125
 36 210144973     237     915 210146125
 37 210144926     245     954 210146125
 38 210144861     268     996 210146125
 39 210144770     314    1041 210146125
 40 210144635     397    1093 210146125
 41 210144497     470    1158 210146125
 42 210144370     522    1233 210146125
 43 210144261     550    1314 210146125
 44 210144168     558    1399 210146125
 45 210144083     556    1486 210146125
 46 210143989     564    1572 210146125
 47 210143871     594    1660 210146125
 48 210143708     665    1752 210146125
 49 210143474     794    1857 210146125
 50 210143125    1019    1981 210146125
 51 210142762    1223    2140 210146125
 52 210142421    1375    2329 210146125
 53 210142121    1464    2540 210146125
 54 210141862    1499    2764 210146125
 55 210141619    1514    2992 210146125
 56 210141352    1552    3221 210146125
 57 210141015    1655    3455 210146125
 58 210140549    1868    3708 210146125
 59 210139873    2261    3991 210146125
 60 210138857    2939    4329 210146125
 61 210137793    3565    4767 210146125
 62 210136785    4044    5296 210146125
 63 210135894    4336    5895 210146125
 64 210135114    4472    6539 210146125
 65 210134373    4551    7201 210146125
 66 210133553    4696    7876 210146125
 67 210132516    5041    8568 210146125
 68 210131085    5729    9311 210146125
 69 210128997    6975   10153 210146125
 70 210125836    9110   11179 210146125
 71 210122510   11102   12513 210146125
 72 210119339   12652   14134 210146125
 73 210116529   13612   15984 210146125
 74 210114060   14094   17971 210146125
 75 210111699   14395   20031 210146125
 76 210109086   14907   22132 210146125
 77 210105774   16042   24309 210146125
 78 210101191   18285   26649 210146125
 79 210094506   22307   29312 210146125
 80 210084373   29193   32559 210146125
 81 210073694   35623   36808 210146125
 82 210063508   40631   41986 210146125
 83 210054461   43772   47892 210146125
 84 210046495   45378   54252 210146125
 85 210038874   46406   60845 210146125
 86 210030427   48110   67588 210146125
 87 210019715   51832   74578 210146125
 88 210004889   59129   82107 210146125
 89 209983253   72179   90693 210146125
 90 209950454   94500  101171 210146125
 91 209915879  115361  114885 210146125
 92 209882878  131621  131626 210146125
 93 209853563  141840  150722 210146125
 94 209827744  147077  171304 210146125
 95 209803035  150444  192646 210146125
 96 209775656  155995  214474 210146125
 97 209740933  168085  237107 210146125
 98 209692888  191743  261494 210146125
 99 209622800  234015  289310 210146125
100 209516616  306254  323255 210146125
101 209404757  373694  367674 210146125
102 209298087  426165  421873 210146125
103 209203410  459038  483677 210146125
104 209120079  475795  550251 210146125
105 209040384  486487  619254 210146125
106 208952147  504172  689806 210146125
107 208840336  542862  762927 210146125
108 208685810  618660  841655 210146125
109 208460756  753997  931372 210146125
110 208120536  984874 1040715 210146125
111 207763211 1199381 1183533 210146125
112 207423479 1365190 1357456 210146125
113 207122803 1467900 1555422 210146125
114 206858870 1518974 1768281 210146125
115 206607119 1550463 1988543 210146125
116 206329132 1603620 2213373 210146125
117 205977967 1722248 2445910 210146125
118 205494480 1955995 2695650 210146125
119 204793872 2372969 2979284 210146125
120 203742111 3080639 3323375 210146125
121 202647870 3728172 3770083 210146125
122 201617395 4218048 4310682 210146125
123 200713635 4510179 4922311 210146125
124 199927003 4642822 5576300 210146125
125 199182736 4713868 6249521 210146125
126 198367730 4845351 6933044 210146125
127 197347719 5162773 7635633 210146125
128 195959376 5802498 8384251 210146125
129 193977762 6942736 9225627 210146125
130 191063543 8850243 10232339 210146125
131 188114830 10515656 11515639 210146125
132 185413863 11691839 13040423 210146125
133 183106070 12304300 14735755 210146125
134 181145046 12481189 16519890 210146125
135 179331037 12485411 18329677 210146125
136 177388759 12617290 20140076 210146125
137 175016768 13159758 21969599 210146125
138 171882200 14386146 23877779 210146125
139 167575296 16607045 25963784 210146125
140 161552576 20221729 28371820 210146125
141 155856245 22985898 31303982 210146125
142 150966540 24542634 34636951 210146125
143 147028893 24921588 38195644 210146125
144 143853933 24482903 41809289 210146125
145 141050522 23736282 45359321 210146125
146 138175397 23169632 48801096 210146125
147 134815413 23170008 52160704 210146125
148 130594785 24030972 55520368 210146125
149 125147823 25993428 59004874 210146125
150 118104280 29267910 62773935 210146125
151 112103151 31025178 67017796 210146125
152 107410050 31219614 71516461 210146125
153 103918916 30183891 76043318 210146125
154 101280489 28445641 80419995 210146125
155 99066332 26535168 84544625 210146125
156 96885067 24868822 88392236 210146125
157 94426494 23721404 91998227 210146125
158 91457139 23251138 95437848 210146125
159 87800579 23536269 98809277 210146125
160 83325765 24598311 102222049 210146125
161 79805157 24552150 105788818 210146125
162 77223655 23573578 109348892 210146125
163 75397710 21981340 112767075 210146125
164 74067739 20124003 115954383 210146125
165 72977709 18296037 118872379 210146125
166 71917756 16703051 121525318 210146125
167 70732575 15466276 123947274 210146125
168 69313279 14642947 126189899 210146125
169 67585665 14247319 128313141 210146125
170 65501017 14266093 130379015 210146125
171 63912147 13786367 132447611 210146125
172 62774981 12924498 134446646 210146125
173 61985140 11840274 136320711 210146125
174 61416731 10691831 138037563 210146125
175 60953353 9604881 139587891 210146125
176 60502606 8662904 140980615 210146125
177 59997022 7912355 142236748 210146125
178 59389717 7372356 143384052 210146125
179 58649209 7043856 144453060 210146125
180 57754906 6916787 145474432 210146125
181 57079667 6589078 146477380 210146125
182 56599886 6113428 147432811 210146125
183 56268482 5558372 148319271 210146125
184 56030797 4990079 149125249 210146125
185 55837143 4460159 149848823 210146125
186 55648408 4002159 150495558 210146125
187 55436031 3634209 151075885 210146125
188 55180107 3363160 151602858 210146125
189 54867234 3188362 152090529 210146125
190 54488525 3104746 152552854 210146125
191 54203376 2939691 153003058 210146125
192 54001227 2715573 153429325 210146125
193 53861850 2461180 153823095 210146125
194 53761987 2204158 154179980 210146125
195 53680621 1965907 154499597 210146125
196 53601223 1760238 154784664 210146125
197 53511726 1594487 155039912 210146125
198 53403687 1471311 155271127 210146125
199 53271404 1390241 155484480 210146125
200 53111070 1348976 155686079 210146125
